# JRE version: Java(TM) SE Runtime Environment (8.0_72-b15) (build 1.8.0_72-b15)
# Java VM: Java HotSpot(TM) 64-Bit Server VM (25.72-b15 mixed mode windows-amd64 compressed oops)
Heap:
 PSYoungGen      total 111104K, used 97955K [0x00000000d5580000, 0x00000000dd000000, 0x0000000100000000)
  eden space 100864K, 88% used [0x00000000d5580000,0x00000000dacb1510,0x00000000db800000)
  from space 10240K, 84% used [0x00000000dc600000,0x00000000dce77a18,0x00000000dd000000)
  to   space 12288K, 0% used [0x00000000db800000,0x00000000db800000,0x00000000dc400000)
 ParOldGen       total 98816K, used 17827K [0x0000000080000000, 0x0000000086080000, 0x00000000d5580000)
  object space 98816K, 18% used [0x0000000080000000,0x0000000081168fc0,0x0000000086080000)
 Metaspace       used 45765K, capacity 46626K, committed 46848K, reserved 1089536K
  class space    used 6056K, capacity 6298K, committed 6400K, reserved 1048576K
GC Heap History (10 events):
Event: 10.590 GC heap before
{Heap before GC invocations=10 (full 1):
 PSYoungGen      total 75264K, used 53599K [0x00000000d5580000, 0x00000000dac00000, 0x0000000100000000)
  eden space 65536K, 67% used [0x00000000d5580000,0x00000000d8077628,0x00000000d9580000)
  from space 9728K, 98% used [0x00000000da000000,0x00000000da960878,0x00000000da980000)
  to   space 10752K, 0% used [0x00000000d9580000,0x00000000d9580000,0x00000000da000000)
 ParOldGen       total 64512K, used 8482K [0x0000000080000000, 0x0000000083f00000, 0x00000000d5580000)
  object space 64512K, 13% used [0x0000000080000000,0x0000000080848b20,0x0000000083f00000)
 Metaspace       used 34798K, capacity 35272K, committed 35496K, reserved 1079296K
  class space    used 4706K, capacity 4837K, committed 4864K, reserved 1048576K
Event: 10.602 GC heap after
Heap after GC invocations=10 (full 1):
 PSYoungGen      total 76288K, used 10733K [0x00000000d5580000, 0x00000000dbe00000, 0x0000000100000000)
  eden space 65536K, 0% used [0x00000000d5580000,0x00000000d5580000,0x00000000d9580000)
  from space 10752K, 99% used [0x00000000d9580000,0x00000000d9ffb510,0x00000000da000000)
  to   space 12288K, 0% used [0x00000000db200000,0x00000000db200000,0x00000000dbe00000)
 ParOldGen       total 64512K, used 8779K [0x0000000080000000, 0x0000000083f00000, 0x00000000d5580000)
  object space 64512K, 13% used [0x0000000080000000,0x0000000080892e38,0x0000000083f00000)
 Metaspace       used 34798K, capacity 35272K, committed 35496K, reserved 1079296K
  class space    used 4706K, capacity 4837K, committed 4864K, reserved 1048576K
}
Event: 10.602 GC heap before
{Heap before GC invocations=11 (full 2):
 PSYoungGen      total 76288K, used 10733K [0x00000000d5580000, 0x00000000dbe00000, 0x0000000100000000)
  eden space 65536K, 0% used [0x00000000d5580000,0x00000000d5580000,0x00000000d9580000)
  from space 10752K, 99% used [0x00000000d9580000,0x00000000d9ffb510,0x00000000da000000)
  to   space 12288K, 0% used [0x00000000db200000,0x00000000db200000,0x00000000dbe00000)
 ParOldGen       total 64512K, used 8779K [0x0000000080000000, 0x0000000083f00000, 0x00000000d5580000)
  object space 64512K, 13% used [0x0000000080000000,0x0000000080892e38,0x0000000083f00000)
 Metaspace       used 34798K, capacity 35272K, committed 35496K, reserved 1079296K
  class space    used 4706K, capacity 4837K, committed 4864K, reserved 1048576K
Event: 10.679 GC heap after
Heap after GC invocations=11 (full 2):
 PSYoungGen      total 76288K, used 0K [0x00000000d5580000, 0x00000000dbe00000, 0x0000000100000000)
  eden space 65536K, 0% used [0x00000000d5580000,0x00000000d5580000,0x00000000d9580000)
  from space 10752K, 0% used [0x00000000d9580000,0x00000000d9580000,0x00000000da000000)
  to   space 12288K, 0% used [0x00000000db200000,0x00000000db200000,0x00000000dbe00000)
 ParOldGen       total 98816K, used 17739K [0x0000000080000000, 0x0000000086080000, 0x00000000d5580000)
  object space 98816K, 17% used [0x0000000080000000,0x0000000081152fb0,0x0000000086080000)
 Metaspace       used 34798K, capacity 35272K, committed 35496K, reserved 1079296K
  class space    used 4706K, capacity 4837K, committed 4864K, reserved 1048576K
}
Event: 14.511 GC heap before
{Heap before GC invocations=12 (full 2):
 PSYoungGen      total 76288K, used 65536K [0x00000000d5580000, 0x00000000dbe00000, 0x0000000100000000)
  eden space 65536K, 100% used [0x00000000d5580000,0x00000000d9580000,0x00000000d9580000)
  from space 10752K, 0% used [0x00000000d9580000,0x00000000d9580000,0x00000000da000000)
  to   space 12288K, 0% used [0x00000000db200000,0x00000000db200000,0x00000000dbe00000)
 ParOldGen       total 98816K, used 17739K [0x0000000080000000, 0x0000000086080000, 0x00000000d5580000)
  object space 98816K, 17% used [0x0000000080000000,0x0000000081152fb0,0x0000000086080000)
 Metaspace       used 41107K, capacity 41820K, committed 42240K, reserved 1085440K
  class space    used 5574K, capacity 5804K, committed 5888K, reserved 1048576K
Event: 14.518 GC heap after
Heap after GC invocations=12 (full 2):
 PSYoungGen      total 94720K, used 7248K [0x00000000d5580000, 0x00000000dbd80000, 0x0000000100000000)
  eden space 82944K, 0% used [0x00000000d5580000,0x00000000d5580000,0x00000000da680000)
  from space 11776K, 61% used [0x00000000db200000,0x00000000db914208,0x00000000dbd80000)
  to   space 11776K, 0% used [0x00000000da680000,0x00000000da680000,0x00000000db200000)
 ParOldGen       total 98816K, used 17811K [0x0000000080000000, 0x0000000086080000, 0x00000000d5580000)
  object space 98816K, 18% used [0x0000000080000000,0x0000000081164fc0,0x0000000086080000)
 Metaspace       used 41107K, capacity 41820K, committed 42240K, reserved 1085440K
  class space    used 5574K, capacity 5804K, committed 5888K, reserved 1048576K
}
Event: 15.981 GC heap before
{Heap before GC invocations=13 (full 2):
 PSYoungGen      total 94720K, used 90192K [0x00000000d5580000, 0x00000000dbd80000, 0x0000000100000000)
  eden space 82944K, 100% used [0x00000000d5580000,0x00000000da680000,0x00000000da680000)
  from space 11776K, 61% used [0x00000000db200000,0x00000000db914208,0x00000000dbd80000)
  to   space 11776K, 0% used [0x00000000da680000,0x00000000da680000,0x00000000db200000)
 ParOldGen       total 98816K, used 17811K [0x0000000080000000, 0x0000000086080000, 0x00000000d5580000)
  object space 98816K, 18% used [0x0000000080000000,0x0000000081164fc0,0x0000000086080000)
 Metaspace       used 41505K, capacity 42306K, committed 42752K, reserved 1085440K
  class space    used 5585K, capacity 5821K, committed 5888K, reserved 1048576K
Event: 15.988 GC heap after
Heap after GC invocations=13 (full 2):
 PSYoungGen      total 94720K, used 9017K [0x00000000d5580000, 0x00000000dd200000, 0x0000000100000000)
  eden space 82944K, 0% used [0x00000000d5580000,0x00000000d5580000,0x00000000da680000)
  from space 11776K, 76% used [0x00000000da680000,0x00000000daf4e418,0x00000000db200000)
  to   space 12288K, 0% used [0x00000000dc600000,0x00000000dc600000,0x00000000dd200000)
 ParOldGen       total 98816K, used 17819K [0x0000000080000000, 0x0000000086080000, 0x00000000d5580000)
  object space 98816K, 18% used [0x0000000080000000,0x0000000081166fc0,0x0000000086080000)
 Metaspace       used 41505K, capacity 42306K, committed 42752K, reserved 1085440K
  class space    used 5585K, capacity 5821K, committed 5888K, reserved 1048576K
}
Event: 18.568 GC heap before
{Heap before GC invocations=14 (full 2):
 PSYoungGen      total 94720K, used 91961K [0x00000000d5580000, 0x00000000dd200000, 0x0000000100000000)
  eden space 82944K, 100% used [0x00000000d5580000,0x00000000da680000,0x00000000da680000)
  from space 11776K, 76% used [0x00000000da680000,0x00000000daf4e418,0x00000000db200000)
  to   space 12288K, 0% used [0x00000000dc600000,0x00000000dc600000,0x00000000dd200000)
 ParOldGen       total 98816K, used 17819K [0x0000000080000000, 0x0000000086080000, 0x00000000d5580000)
  object space 98816K, 18% used [0x0000000080000000,0x0000000081166fc0,0x0000000086080000)
 Metaspace       used 41745K, capacity 42512K, committed 42752K, reserved 1085440K
  class space    used 5597K, capacity 5822K, committed 5888K, reserved 1048576K
Event: 18.575 GC heap after
Heap after GC invocations=14 (full 2):
 PSYoungGen      total 111104K, used 8670K [0x00000000d5580000, 0x00000000dd000000, 0x0000000100000000)
  eden space 100864K, 0% used [0x00000000d5580000,0x00000000d5580000,0x00000000db800000)
  from space 10240K, 84% used [0x00000000dc600000,0x00000000dce77a18,0x00000000dd000000)
  to   space 12288K, 0% used [0x00000000db800000,0x00000000db800000,0x00000000dc400000)
 ParOldGen       total 98816K, used 17827K [0x0000000080000000, 0x0000000086080000, 0x00000000d5580000)
  object space 98816K, 18% used [0x0000000080000000,0x0000000081168fc0,0x0000000086080000)
 Metaspace       used 41745K, capacity 42512K, committed 42752K, reserved 1085440K
  class space    used 5597K, capacity 5822K, committed 5888K, reserved 1048576K
}

