# JRE version: Java(TM) SE Runtime Environment (8.0_72-b15) (build 1.8.0_72-b15)
# Java VM: Java HotSpot(TM) 64-Bit Server VM (25.72-b15 mixed mode windows-amd64 compressed oops)
Heap:
 PSYoungGen      total 175616K, used 41652K [0x00000000d5580000, 0x00000000e3d00000, 0x0000000100000000)
  eden space 151040K, 27% used [0x00000000d5580000,0x00000000d7e2d258,0x00000000de900000)
  from space 24576K, 0% used [0x00000000de900000,0x00000000de900000,0x00000000e0100000)
  to   space 29696K, 0% used [0x00000000e2000000,0x00000000e2000000,0x00000000e3d00000)
 ParOldGen       total 108544K, used 57406K [0x0000000080000000, 0x0000000086a00000, 0x00000000d5580000)
  object space 108544K, 52% used [0x0000000080000000,0x000000008380f9f8,0x0000000086a00000)
 Metaspace       used 59768K, capacity 61484K, committed 61696K, reserved 1101824K
  class space    used 7970K, capacity 8362K, committed 8448K, reserved 1048576K
GC Heap History (10 events):
Event: 24.100 GC heap before
{Heap before GC invocations=12 (full 2):
 PSYoungGen      total 124928K, used 124068K [0x00000000d5580000, 0x00000000df180000, 0x0000000100000000)
  eden space 112640K, 100% used [0x00000000d5580000,0x00000000dc380000,0x00000000dc380000)
  from space 12288K, 93% used [0x00000000dc380000,0x00000000dcea9120,0x00000000dcf80000)
  to   space 13312K, 0% used [0x00000000de480000,0x00000000de480000,0x00000000df180000)
 ParOldGen       total 108544K, used 18465K [0x0000000080000000, 0x0000000086a00000, 0x00000000d5580000)
  object space 108544K, 17% used [0x0000000080000000,0x00000000812087c8,0x0000000086a00000)
 Metaspace       used 44185K, capacity 45140K, committed 45440K, reserved 1089536K
  class space    used 5957K, capacity 6256K, committed 6272K, reserved 1048576K
Event: 24.115 GC heap after
Heap after GC invocations=12 (full 2):
 PSYoungGen      total 144384K, used 13285K [0x00000000d5580000, 0x00000000df280000, 0x0000000100000000)
  eden space 131072K, 0% used [0x00000000d5580000,0x00000000d5580000,0x00000000dd580000)
  from space 13312K, 99% used [0x00000000de480000,0x00000000df179760,0x00000000df180000)
  to   space 14848K, 0% used [0x00000000dd580000,0x00000000dd580000,0x00000000de400000)
 ParOldGen       total 108544K, used 19163K [0x0000000080000000, 0x0000000086a00000, 0x00000000d5580000)
  object space 108544K, 17% used [0x0000000080000000,0x00000000812b6cb0,0x0000000086a00000)
 Metaspace       used 44185K, capacity 45140K, committed 45440K, reserved 1089536K
  class space    used 5957K, capacity 6256K, committed 6272K, reserved 1048576K
}
Event: 25.355 GC heap before
{Heap before GC invocations=13 (full 2):
 PSYoungGen      total 144384K, used 144357K [0x00000000d5580000, 0x00000000df280000, 0x0000000100000000)
  eden space 131072K, 100% used [0x00000000d5580000,0x00000000dd580000,0x00000000dd580000)
  from space 13312K, 99% used [0x00000000de480000,0x00000000df179760,0x00000000df180000)
  to   space 14848K, 0% used [0x00000000dd580000,0x00000000dd580000,0x00000000de400000)
 ParOldGen       total 108544K, used 19163K [0x0000000080000000, 0x0000000086a00000, 0x00000000d5580000)
  object space 108544K, 17% used [0x0000000080000000,0x00000000812b6cb0,0x0000000086a00000)
 Metaspace       used 49636K, capacity 50908K, committed 51200K, reserved 1093632K
  class space    used 6748K, capacity 7089K, committed 7168K, reserved 1048576K
Event: 25.374 GC heap after
Heap after GC invocations=13 (full 2):
 PSYoungGen      total 145920K, used 14841K [0x00000000d5580000, 0x00000000e1400000, 0x0000000100000000)
  eden space 131072K, 0% used [0x00000000d5580000,0x00000000d5580000,0x00000000dd580000)
  from space 14848K, 99% used [0x00000000dd580000,0x00000000de3fe430,0x00000000de400000)
  to   space 19456K, 0% used [0x00000000e0100000,0x00000000e0100000,0x00000000e1400000)
 ParOldGen       total 108544K, used 27237K [0x0000000080000000, 0x0000000086a00000, 0x00000000d5580000)
  object space 108544K, 25% used [0x0000000080000000,0x0000000081a995c0,0x0000000086a00000)
 Metaspace       used 49636K, capacity 50908K, committed 51200K, reserved 1093632K
  class space    used 6748K, capacity 7089K, committed 7168K, reserved 1048576K
}
Event: 28.294 GC heap before
{Heap before GC invocations=14 (full 2):
 PSYoungGen      total 145920K, used 145913K [0x00000000d5580000, 0x00000000e1400000, 0x0000000100000000)
  eden space 131072K, 100% used [0x00000000d5580000,0x00000000dd580000,0x00000000dd580000)
  from space 14848K, 99% used [0x00000000dd580000,0x00000000de3fe430,0x00000000de400000)
  to   space 19456K, 0% used [0x00000000e0100000,0x00000000e0100000,0x00000000e1400000)
 ParOldGen       total 108544K, used 27237K [0x0000000080000000, 0x0000000086a00000, 0x00000000d5580000)
  object space 108544K, 25% used [0x0000000080000000,0x0000000081a995c0,0x0000000086a00000)
 Metaspace       used 51290K, capacity 52890K, committed 53120K, reserved 1095680K
  class space    used 6915K, capacity 7276K, committed 7296K, reserved 1048576K
Event: 28.327 GC heap after
Heap after GC invocations=14 (full 2):
 PSYoungGen      total 170496K, used 19432K [0x00000000d5580000, 0x00000000e1f00000, 0x0000000100000000)
  eden space 151040K, 0% used [0x00000000d5580000,0x00000000d5580000,0x00000000de900000)
  from space 19456K, 99% used [0x00000000e0100000,0x00000000e13fa220,0x00000000e1400000)
  to   space 24576K, 0% used [0x00000000de900000,0x00000000de900000,0x00000000e0100000)
 ParOldGen       total 108544K, used 34151K [0x0000000080000000, 0x0000000086a00000, 0x00000000d5580000)
  object space 108544K, 31% used [0x0000000080000000,0x0000000082159d90,0x0000000086a00000)
 Metaspace       used 51290K, capacity 52890K, committed 53120K, reserved 1095680K
  class space    used 6915K, capacity 7276K, committed 7296K, reserved 1048576K
}
Event: 35.916 GC heap before
{Heap before GC invocations=15 (full 2):
 PSYoungGen      total 170496K, used 112549K [0x00000000d5580000, 0x00000000e1f00000, 0x0000000100000000)
  eden space 151040K, 61% used [0x00000000d5580000,0x00000000db06f288,0x00000000de900000)
  from space 19456K, 99% used [0x00000000e0100000,0x00000000e13fa220,0x00000000e1400000)
  to   space 24576K, 0% used [0x00000000de900000,0x00000000de900000,0x00000000e0100000)
 ParOldGen       total 108544K, used 34151K [0x0000000080000000, 0x0000000086a00000, 0x00000000d5580000)
  object space 108544K, 31% used [0x0000000080000000,0x0000000082159d90,0x0000000086a00000)
 Metaspace       used 57357K, capacity 59026K, committed 59136K, reserved 1099776K
  class space    used 7777K, capacity 8139K, committed 8192K, reserved 1048576K
Event: 35.940 GC heap after
Heap after GC invocations=15 (full 2):
 PSYoungGen      total 175616K, used 24573K [0x00000000d5580000, 0x00000000e3d00000, 0x0000000100000000)
  eden space 151040K, 0% used [0x00000000d5580000,0x00000000d5580000,0x00000000de900000)
  from space 24576K, 99% used [0x00000000de900000,0x00000000e00ff5d0,0x00000000e0100000)
  to   space 29696K, 0% used [0x00000000e2000000,0x00000000e2000000,0x00000000e3d00000)
 ParOldGen       total 108544K, used 38203K [0x0000000080000000, 0x0000000086a00000, 0x00000000d5580000)
  object space 108544K, 35% used [0x0000000080000000,0x000000008254ed28,0x0000000086a00000)
 Metaspace       used 57357K, capacity 59026K, committed 59136K, reserved 1099776K
  class space    used 7777K, capacity 8139K, committed 8192K, reserved 1048576K
}
Event: 35.940 GC heap before
{Heap before GC invocations=16 (full 3):
 PSYoungGen      total 175616K, used 24573K [0x00000000d5580000, 0x00000000e3d00000, 0x0000000100000000)
  eden space 151040K, 0% used [0x00000000d5580000,0x00000000d5580000,0x00000000de900000)
  from space 24576K, 99% used [0x00000000de900000,0x00000000e00ff5d0,0x00000000e0100000)
  to   space 29696K, 0% used [0x00000000e2000000,0x00000000e2000000,0x00000000e3d00000)
 ParOldGen       total 108544K, used 38203K [0x0000000080000000, 0x0000000086a00000, 0x00000000d5580000)
  object space 108544K, 35% used [0x0000000080000000,0x000000008254ed28,0x0000000086a00000)
 Metaspace       used 57357K, capacity 59026K, committed 59136K, reserved 1099776K
  class space    used 7777K, capacity 8139K, committed 8192K, reserved 1048576K
Event: 36.201 GC heap after
Heap after GC invocations=16 (full 3):
 PSYoungGen      total 175616K, used 0K [0x00000000d5580000, 0x00000000e3d00000, 0x0000000100000000)
  eden space 151040K, 0% used [0x00000000d5580000,0x00000000d5580000,0x00000000de900000)
  from space 24576K, 0% used [0x00000000de900000,0x00000000de900000,0x00000000e0100000)
  to   space 29696K, 0% used [0x00000000e2000000,0x00000000e2000000,0x00000000e3d00000)
 ParOldGen       total 108544K, used 57406K [0x0000000080000000, 0x0000000086a00000, 0x00000000d5580000)
  object space 108544K, 52% used [0x0000000080000000,0x000000008380f9f8,0x0000000086a00000)
 Metaspace       used 57355K, capacity 59020K, committed 59136K, reserved 1099776K
  class space    used 7776K, capacity 8138K, committed 8192K, reserved 1048576K
}

