# JRE version: Java(TM) SE Runtime Environment (8.0_72-b15) (build 1.8.0_72-b15)
# Java VM: Java HotSpot(TM) 64-Bit Server VM (25.72-b15 mixed mode windows-amd64 compressed oops)
Heap:
 PSYoungGen      total 137728K, used 85222K [0x00000000d5580000, 0x00000000e0b80000, 0x0000000100000000)
  eden space 125440K, 59% used [0x00000000d5580000,0x00000000d9ed17d8,0x00000000dd000000)
  from space 12288K, 82% used [0x00000000dd000000,0x00000000dd9e8128,0x00000000ddc00000)
  to   space 12800K, 0% used [0x00000000dff00000,0x00000000dff00000,0x00000000e0b80000)
 ParOldGen       total 98816K, used 20086K [0x0000000080000000, 0x0000000086080000, 0x00000000d5580000)
  object space 98816K, 20% used [0x0000000080000000,0x000000008139d9d8,0x0000000086080000)
 Metaspace       used 42584K, capacity 43390K, committed 43648K, reserved 1087488K
  class space    used 5719K, capacity 5968K, committed 6016K, reserved 1048576K
GC Heap History (10 events):
Event: 26.503 GC heap before
{Heap before GC invocations=7 (full 1):
 PSYoungGen      total 67072K, used 67053K [0x00000000d5580000, 0x00000000dc180000, 0x0000000100000000)
  eden space 61952K, 100% used [0x00000000d5580000,0x00000000d9200000,0x00000000d9200000)
  from space 5120K, 99% used [0x00000000d9200000,0x00000000d96fb488,0x00000000d9700000)
  to   space 9728K, 0% used [0x00000000db800000,0x00000000db800000,0x00000000dc180000)
 ParOldGen       total 64000K, used 10160K [0x0000000080000000, 0x0000000083e80000, 0x00000000d5580000)
  object space 64000K, 15% used [0x0000000080000000,0x00000000809ec230,0x0000000083e80000)
 Metaspace       used 28915K, capacity 29424K, committed 29824K, reserved 1075200K
  class space    used 3970K, capacity 4107K, committed 4224K, reserved 1048576K
Event: 26.512 GC heap after
Heap after GC invocations=7 (full 1):
 PSYoungGen      total 95232K, used 7698K [0x00000000d5580000, 0x00000000dc000000, 0x0000000100000000)
  eden space 87040K, 0% used [0x00000000d5580000,0x00000000d5580000,0x00000000daa80000)
  from space 8192K, 93% used [0x00000000db800000,0x00000000dbf84ab8,0x00000000dc000000)
  to   space 9728K, 0% used [0x00000000dad00000,0x00000000dad00000,0x00000000db680000)
 ParOldGen       total 64000K, used 10168K [0x0000000080000000, 0x0000000083e80000, 0x00000000d5580000)
  object space 64000K, 15% used [0x0000000080000000,0x00000000809ee230,0x0000000083e80000)
 Metaspace       used 28915K, capacity 29424K, committed 29824K, reserved 1075200K
  class space    used 3970K, capacity 4107K, committed 4224K, reserved 1048576K
}
Event: 27.228 GC heap before
{Heap before GC invocations=8 (full 1):
 PSYoungGen      total 95232K, used 91915K [0x00000000d5580000, 0x00000000dc000000, 0x0000000100000000)
  eden space 87040K, 96% used [0x00000000d5580000,0x00000000da7be480,0x00000000daa80000)
  from space 8192K, 93% used [0x00000000db800000,0x00000000dbf84ab8,0x00000000dc000000)
  to   space 9728K, 0% used [0x00000000dad00000,0x00000000dad00000,0x00000000db680000)
 ParOldGen       total 64000K, used 10168K [0x0000000080000000, 0x0000000083e80000, 0x00000000d5580000)
  object space 64000K, 15% used [0x0000000080000000,0x00000000809ee230,0x0000000083e80000)
 Metaspace       used 34786K, capacity 35272K, committed 35496K, reserved 1079296K
  class space    used 4705K, capacity 4837K, committed 4864K, reserved 1048576K
Event: 27.243 GC heap after
Heap after GC invocations=8 (full 1):
 PSYoungGen      total 99328K, used 9725K [0x00000000d5580000, 0x00000000de880000, 0x0000000100000000)
  eden space 89600K, 0% used [0x00000000d5580000,0x00000000d5580000,0x00000000dad00000)
  from space 9728K, 99% used [0x00000000dad00000,0x00000000db67f760,0x00000000db680000)
  to   space 12800K, 0% used [0x00000000ddc00000,0x00000000ddc00000,0x00000000de880000)
 ParOldGen       total 64000K, used 13986K [0x0000000080000000, 0x0000000083e80000, 0x00000000d5580000)
  object space 64000K, 21% used [0x0000000080000000,0x0000000080da89f8,0x0000000083e80000)
 Metaspace       used 34786K, capacity 35272K, committed 35496K, reserved 1079296K
  class space    used 4705K, capacity 4837K, committed 4864K, reserved 1048576K
}
Event: 27.243 GC heap before
{Heap before GC invocations=9 (full 2):
 PSYoungGen      total 99328K, used 9725K [0x00000000d5580000, 0x00000000de880000, 0x0000000100000000)
  eden space 89600K, 0% used [0x00000000d5580000,0x00000000d5580000,0x00000000dad00000)
  from space 9728K, 99% used [0x00000000dad00000,0x00000000db67f760,0x00000000db680000)
  to   space 12800K, 0% used [0x00000000ddc00000,0x00000000ddc00000,0x00000000de880000)
 ParOldGen       total 64000K, used 13986K [0x0000000080000000, 0x0000000083e80000, 0x00000000d5580000)
  object space 64000K, 21% used [0x0000000080000000,0x0000000080da89f8,0x0000000083e80000)
 Metaspace       used 34786K, capacity 35272K, committed 35496K, reserved 1079296K
  class space    used 4705K, capacity 4837K, committed 4864K, reserved 1048576K
Event: 27.326 GC heap after
Heap after GC invocations=9 (full 2):
 PSYoungGen      total 99328K, used 0K [0x00000000d5580000, 0x00000000de880000, 0x0000000100000000)
  eden space 89600K, 0% used [0x00000000d5580000,0x00000000d5580000,0x00000000dad00000)
  from space 9728K, 0% used [0x00000000dad00000,0x00000000dad00000,0x00000000db680000)
  to   space 12800K, 0% used [0x00000000ddc00000,0x00000000ddc00000,0x00000000de880000)
 ParOldGen       total 98816K, used 20070K [0x0000000080000000, 0x0000000086080000, 0x00000000d5580000)
  object space 98816K, 20% used [0x0000000080000000,0x00000000813999d8,0x0000000086080000)
 Metaspace       used 34786K, capacity 35272K, committed 35496K, reserved 1079296K
  class space    used 4705K, capacity 4837K, committed 4864K, reserved 1048576K
}
Event: 31.996 GC heap before
{Heap before GC invocations=10 (full 2):
 PSYoungGen      total 99328K, used 89600K [0x00000000d5580000, 0x00000000de880000, 0x0000000100000000)
  eden space 89600K, 100% used [0x00000000d5580000,0x00000000dad00000,0x00000000dad00000)
  from space 9728K, 0% used [0x00000000dad00000,0x00000000dad00000,0x00000000db680000)
  to   space 12800K, 0% used [0x00000000ddc00000,0x00000000ddc00000,0x00000000de880000)
 ParOldGen       total 98816K, used 20070K [0x0000000080000000, 0x0000000086080000, 0x00000000d5580000)
  object space 98816K, 20% used [0x0000000080000000,0x00000000813999d8,0x0000000086080000)
 Metaspace       used 41234K, capacity 41956K, committed 42240K, reserved 1085440K
  class space    used 5580K, capacity 5816K, committed 5888K, reserved 1048576K
Event: 32.002 GC heap after
Heap after GC invocations=10 (full 2):
 PSYoungGen      total 138240K, used 8341K [0x00000000d5580000, 0x00000000df100000, 0x0000000100000000)
  eden space 125440K, 0% used [0x00000000d5580000,0x00000000d5580000,0x00000000dd000000)
  from space 12800K, 65% used [0x00000000ddc00000,0x00000000de4257a0,0x00000000de880000)
  to   space 12288K, 0% used [0x00000000dd000000,0x00000000dd000000,0x00000000ddc00000)
 ParOldGen       total 98816K, used 20078K [0x0000000080000000, 0x0000000086080000, 0x00000000d5580000)
  object space 98816K, 20% used [0x0000000080000000,0x000000008139b9d8,0x0000000086080000)
 Metaspace       used 41234K, capacity 41956K, committed 42240K, reserved 1085440K
  class space    used 5580K, capacity 5816K, committed 5888K, reserved 1048576K
}
Event: 33.240 GC heap before
{Heap before GC invocations=11 (full 2):
 PSYoungGen      total 138240K, used 133781K [0x00000000d5580000, 0x00000000df100000, 0x0000000100000000)
  eden space 125440K, 100% used [0x00000000d5580000,0x00000000dd000000,0x00000000dd000000)
  from space 12800K, 65% used [0x00000000ddc00000,0x00000000de4257a0,0x00000000de880000)
  to   space 12288K, 0% used [0x00000000dd000000,0x00000000dd000000,0x00000000ddc00000)
 ParOldGen       total 98816K, used 20078K [0x0000000080000000, 0x0000000086080000, 0x00000000d5580000)
  object space 98816K, 20% used [0x0000000080000000,0x000000008139b9d8,0x0000000086080000)
 Metaspace       used 41688K, capacity 42442K, committed 42752K, reserved 1085440K
  class space    used 5596K, capacity 5821K, committed 5888K, reserved 1048576K
Event: 33.247 GC heap after
Heap after GC invocations=11 (full 2):
 PSYoungGen      total 137728K, used 10144K [0x00000000d5580000, 0x00000000e0b80000, 0x0000000100000000)
  eden space 125440K, 0% used [0x00000000d5580000,0x00000000d5580000,0x00000000dd000000)
  from space 12288K, 82% used [0x00000000dd000000,0x00000000dd9e8128,0x00000000ddc00000)
  to   space 12800K, 0% used [0x00000000dff00000,0x00000000dff00000,0x00000000e0b80000)
 ParOldGen       total 98816K, used 20086K [0x0000000080000000, 0x0000000086080000, 0x00000000d5580000)
  object space 98816K, 20% used [0x0000000080000000,0x000000008139d9d8,0x0000000086080000)
 Metaspace       used 41688K, capacity 42442K, committed 42752K, reserved 1085440K
  class space    used 5596K, capacity 5821K, committed 5888K, reserved 1048576K
}

