# JRE version: Java(TM) SE Runtime Environment (8.0_72-b15) (build 1.8.0_72-b15)
# Java VM: Java HotSpot(TM) 64-Bit Server VM (25.72-b15 mixed mode windows-amd64 compressed oops)
Heap:
 PSYoungGen      total 243200K, used 44338K [0x00000000d5580000, 0x00000000e5a80000, 0x0000000100000000)
  eden space 220672K, 20% used [0x00000000d5580000,0x00000000d80cc948,0x00000000e2d00000)
  from space 22528K, 0% used [0x00000000e4380000,0x00000000e4380000,0x00000000e5980000)
  to   space 23040K, 0% used [0x00000000e2d00000,0x00000000e2d00000,0x00000000e4380000)
 ParOldGen       total 98304K, used 47047K [0x0000000080000000, 0x0000000086000000, 0x00000000d5580000)
  object space 98304K, 47% used [0x0000000080000000,0x0000000082df1dd8,0x0000000086000000)
 Metaspace       used 55753K, capacity 58282K, committed 58536K, reserved 1099776K
  class space    used 7729K, capacity 8245K, committed 8360K, reserved 1048576K
GC Heap History (10 events):
Event: 35.330 GC heap before
{Heap before GC invocations=15 (full 2):
 PSYoungGen      total 142336K, used 135466K [0x00000000d5580000, 0x00000000df900000, 0x0000000100000000)
  eden space 129536K, 100% used [0x00000000d5580000,0x00000000dd400000,0x00000000dd400000)
  from space 12800K, 46% used [0x00000000de000000,0x00000000de5cab40,0x00000000dec80000)
  to   space 12288K, 0% used [0x00000000dd400000,0x00000000dd400000,0x00000000de000000)
 ParOldGen       total 98304K, used 25899K [0x0000000080000000, 0x0000000086000000, 0x00000000d5580000)
  object space 98304K, 26% used [0x0000000080000000,0x000000008194ad28,0x0000000086000000)
 Metaspace       used 49252K, capacity 50742K, committed 50984K, reserved 1093632K
  class space    used 6711K, capacity 7090K, committed 7208K, reserved 1048576K
Event: 35.342 GC heap after
Heap after GC invocations=15 (full 2):
 PSYoungGen      total 141824K, used 11818K [0x00000000d5580000, 0x00000000e1700000, 0x0000000100000000)
  eden space 129536K, 0% used [0x00000000d5580000,0x00000000d5580000,0x00000000dd400000)
  from space 12288K, 96% used [0x00000000dd400000,0x00000000ddf8a870,0x00000000de000000)
  to   space 13824K, 0% used [0x00000000e0980000,0x00000000e0980000,0x00000000e1700000)
 ParOldGen       total 98304K, used 27908K [0x0000000080000000, 0x0000000086000000, 0x00000000d5580000)
  object space 98304K, 28% used [0x0000000080000000,0x0000000081b41140,0x0000000086000000)
 Metaspace       used 49252K, capacity 50742K, committed 50984K, reserved 1093632K
  class space    used 6711K, capacity 7090K, committed 7208K, reserved 1048576K
}
Event: 40.280 GC heap before
{Heap before GC invocations=16 (full 2):
 PSYoungGen      total 141824K, used 141354K [0x00000000d5580000, 0x00000000e1700000, 0x0000000100000000)
  eden space 129536K, 100% used [0x00000000d5580000,0x00000000dd400000,0x00000000dd400000)
  from space 12288K, 96% used [0x00000000dd400000,0x00000000ddf8a870,0x00000000de000000)
  to   space 13824K, 0% used [0x00000000e0980000,0x00000000e0980000,0x00000000e1700000)
 ParOldGen       total 98304K, used 27908K [0x0000000080000000, 0x0000000086000000, 0x00000000d5580000)
  object space 98304K, 28% used [0x0000000080000000,0x0000000081b41140,0x0000000086000000)
 Metaspace       used 51731K, capacity 53512K, committed 53544K, reserved 1095680K
  class space    used 7026K, capacity 7444K, committed 7464K, reserved 1048576K
Event: 40.305 GC heap after
Heap after GC invocations=16 (full 2):
 PSYoungGen      total 181248K, used 12977K [0x00000000d5580000, 0x00000000e1680000, 0x0000000100000000)
  eden space 167936K, 0% used [0x00000000d5580000,0x00000000d5580000,0x00000000df980000)
  from space 13312K, 97% used [0x00000000e0980000,0x00000000e162c4c8,0x00000000e1680000)
  to   space 14848K, 0% used [0x00000000df980000,0x00000000df980000,0x00000000e0800000)
 ParOldGen       total 98304K, used 35983K [0x0000000080000000, 0x0000000086000000, 0x00000000d5580000)
  object space 98304K, 36% used [0x0000000080000000,0x0000000082323f60,0x0000000086000000)
 Metaspace       used 51731K, capacity 53512K, committed 53544K, reserved 1095680K
  class space    used 7026K, capacity 7444K, committed 7464K, reserved 1048576K
}
Event: 42.514 GC heap before
{Heap before GC invocations=17 (full 2):
 PSYoungGen      total 181248K, used 180913K [0x00000000d5580000, 0x00000000e1680000, 0x0000000100000000)
  eden space 167936K, 100% used [0x00000000d5580000,0x00000000df980000,0x00000000df980000)
  from space 13312K, 97% used [0x00000000e0980000,0x00000000e162c4c8,0x00000000e1680000)
  to   space 14848K, 0% used [0x00000000df980000,0x00000000df980000,0x00000000e0800000)
 ParOldGen       total 98304K, used 35983K [0x0000000080000000, 0x0000000086000000, 0x00000000d5580000)
  object space 98304K, 36% used [0x0000000080000000,0x0000000082323f60,0x0000000086000000)
 Metaspace       used 55029K, capacity 57244K, committed 57384K, reserved 1097728K
  class space    used 7638K, capacity 8132K, committed 8232K, reserved 1048576K
Event: 42.542 GC heap after
Heap after GC invocations=17 (full 2):
 PSYoungGen      total 182784K, used 14848K [0x00000000d5580000, 0x00000000e5980000, 0x0000000100000000)
  eden space 167936K, 0% used [0x00000000d5580000,0x00000000d5580000,0x00000000df980000)
  from space 14848K, 100% used [0x00000000df980000,0x00000000e0800000,0x00000000e0800000)
  to   space 22528K, 0% used [0x00000000e4380000,0x00000000e4380000,0x00000000e5980000)
 ParOldGen       total 98304K, used 51998K [0x0000000080000000, 0x0000000086000000, 0x00000000d5580000)
  object space 98304K, 52% used [0x0000000080000000,0x00000000832c7b30,0x0000000086000000)
 Metaspace       used 55029K, capacity 57244K, committed 57384K, reserved 1097728K
  class space    used 7638K, capacity 8132K, committed 8232K, reserved 1048576K
}
Event: 42.724 GC heap before
{Heap before GC invocations=18 (full 2):
 PSYoungGen      total 182784K, used 26178K [0x00000000d5580000, 0x00000000e5980000, 0x0000000100000000)
  eden space 167936K, 6% used [0x00000000d5580000,0x00000000d6090800,0x00000000df980000)
  from space 14848K, 100% used [0x00000000df980000,0x00000000e0800000,0x00000000e0800000)
  to   space 22528K, 0% used [0x00000000e4380000,0x00000000e4380000,0x00000000e5980000)
 ParOldGen       total 98304K, used 51998K [0x0000000080000000, 0x0000000086000000, 0x00000000d5580000)
  object space 98304K, 52% used [0x0000000080000000,0x00000000832c7b30,0x0000000086000000)
 Metaspace       used 55517K, capacity 58016K, committed 58152K, reserved 1099776K
  class space    used 7702K, capacity 8218K, committed 8232K, reserved 1048576K
Event: 42.743 GC heap after
Heap after GC invocations=18 (full 2):
 PSYoungGen      total 243200K, used 1229K [0x00000000d5580000, 0x00000000e5a80000, 0x0000000100000000)
  eden space 220672K, 0% used [0x00000000d5580000,0x00000000d5580000,0x00000000e2d00000)
  from space 22528K, 5% used [0x00000000e4380000,0x00000000e44b3518,0x00000000e5980000)
  to   space 23040K, 0% used [0x00000000e2d00000,0x00000000e2d00000,0x00000000e4380000)
 ParOldGen       total 98304K, used 66410K [0x0000000080000000, 0x0000000086000000, 0x00000000d5580000)
  object space 98304K, 67% used [0x0000000080000000,0x00000000840da818,0x0000000086000000)
 Metaspace       used 55517K, capacity 58016K, committed 58152K, reserved 1099776K
  class space    used 7702K, capacity 8218K, committed 8232K, reserved 1048576K
}
Event: 42.743 GC heap before
{Heap before GC invocations=19 (full 3):
 PSYoungGen      total 243200K, used 1229K [0x00000000d5580000, 0x00000000e5a80000, 0x0000000100000000)
  eden space 220672K, 0% used [0x00000000d5580000,0x00000000d5580000,0x00000000e2d00000)
  from space 22528K, 5% used [0x00000000e4380000,0x00000000e44b3518,0x00000000e5980000)
  to   space 23040K, 0% used [0x00000000e2d00000,0x00000000e2d00000,0x00000000e4380000)
 ParOldGen       total 98304K, used 66410K [0x0000000080000000, 0x0000000086000000, 0x00000000d5580000)
  object space 98304K, 67% used [0x0000000080000000,0x00000000840da818,0x0000000086000000)
 Metaspace       used 55517K, capacity 58016K, committed 58152K, reserved 1099776K
  class space    used 7702K, capacity 8218K, committed 8232K, reserved 1048576K
Event: 43.032 GC heap after
Heap after GC invocations=19 (full 3):
 PSYoungGen      total 243200K, used 0K [0x00000000d5580000, 0x00000000e5a80000, 0x0000000100000000)
  eden space 220672K, 0% used [0x00000000d5580000,0x00000000d5580000,0x00000000e2d00000)
  from space 22528K, 0% used [0x00000000e4380000,0x00000000e4380000,0x00000000e5980000)
  to   space 23040K, 0% used [0x00000000e2d00000,0x00000000e2d00000,0x00000000e4380000)
 ParOldGen       total 98304K, used 47047K [0x0000000080000000, 0x0000000086000000, 0x00000000d5580000)
  object space 98304K, 47% used [0x0000000080000000,0x0000000082df1dd8,0x0000000086000000)
 Metaspace       used 55517K, capacity 58016K, committed 58152K, reserved 1099776K
  class space    used 7702K, capacity 8218K, committed 8232K, reserved 1048576K
}

