# JRE version: Java(TM) SE Runtime Environment (8.0_72-b15) (build 1.8.0_72-b15)
# Java VM: Java HotSpot(TM) 64-Bit Server VM (25.72-b15 mixed mode windows-amd64 compressed oops)
Heap:
 PSYoungGen      total 207360K, used 49892K [0x00000000d5580000, 0x00000000e8580000, 0x0000000100000000)
  eden space 176640K, 21% used [0x00000000d5580000,0x00000000d7accd58,0x00000000e0200000)
  from space 30720K, 38% used [0x00000000e0200000,0x00000000e0d6c4b0,0x00000000e2000000)
  to   space 29696K, 0% used [0x00000000e6880000,0x00000000e6880000,0x00000000e8580000)
 ParOldGen       total 111616K, used 52838K [0x0000000080000000, 0x0000000086d00000, 0x00000000d5580000)
  object space 111616K, 47% used [0x0000000080000000,0x0000000083399aa8,0x0000000086d00000)
 Metaspace       used 63850K, capacity 65530K, committed 65792K, reserved 1105920K
  class space    used 8291K, capacity 8682K, committed 8704K, reserved 1048576K
GC Heap History (10 events):
Event: 19.176 GC heap before
{Heap before GC invocations=14 (full 2):
 PSYoungGen      total 141824K, used 141804K [0x00000000d5580000, 0x00000000e0e00000, 0x0000000100000000)
  eden space 127488K, 100% used [0x00000000d5580000,0x00000000dd200000,0x00000000dd200000)
  from space 14336K, 99% used [0x00000000dd200000,0x00000000ddffb300,0x00000000de000000)
  to   space 17920K, 0% used [0x00000000dfc80000,0x00000000dfc80000,0x00000000e0e00000)
 ParOldGen       total 111616K, used 24030K [0x0000000080000000, 0x0000000086d00000, 0x00000000d5580000)
  object space 111616K, 21% used [0x0000000080000000,0x0000000081777830,0x0000000086d00000)
 Metaspace       used 53534K, capacity 54912K, committed 55168K, reserved 1097728K
  class space    used 7145K, capacity 7471K, committed 7552K, reserved 1048576K
Event: 19.203 GC heap after
Heap after GC invocations=14 (full 2):
 PSYoungGen      total 166400K, used 17912K [0x00000000d5580000, 0x00000000e1800000, 0x0000000100000000)
  eden space 148480K, 0% used [0x00000000d5580000,0x00000000d5580000,0x00000000de680000)
  from space 17920K, 99% used [0x00000000dfc80000,0x00000000e0dfe230,0x00000000e0e00000)
  to   space 22528K, 0% used [0x00000000de680000,0x00000000de680000,0x00000000dfc80000)
 ParOldGen       total 111616K, used 31643K [0x0000000080000000, 0x0000000086d00000, 0x00000000d5580000)
  object space 111616K, 28% used [0x0000000080000000,0x0000000081ee6fe8,0x0000000086d00000)
 Metaspace       used 53534K, capacity 54912K, committed 55168K, reserved 1097728K
  class space    used 7145K, capacity 7471K, committed 7552K, reserved 1048576K
}
Event: 23.534 GC heap before
{Heap before GC invocations=15 (full 2):
 PSYoungGen      total 166400K, used 166392K [0x00000000d5580000, 0x00000000e1800000, 0x0000000100000000)
  eden space 148480K, 100% used [0x00000000d5580000,0x00000000de680000,0x00000000de680000)
  from space 17920K, 99% used [0x00000000dfc80000,0x00000000e0dfe230,0x00000000e0e00000)
  to   space 22528K, 0% used [0x00000000de680000,0x00000000de680000,0x00000000dfc80000)
 ParOldGen       total 111616K, used 31643K [0x0000000080000000, 0x0000000086d00000, 0x00000000d5580000)
  object space 111616K, 28% used [0x0000000080000000,0x0000000081ee6fe8,0x0000000086d00000)
 Metaspace       used 57067K, capacity 58758K, committed 59008K, reserved 1099776K
  class space    used 7572K, capacity 7958K, committed 8064K, reserved 1048576K
Event: 23.564 GC heap after
Heap after GC invocations=15 (full 2):
 PSYoungGen      total 171008K, used 22506K [0x00000000d5580000, 0x00000000e3d00000, 0x0000000100000000)
  eden space 148480K, 0% used [0x00000000d5580000,0x00000000d5580000,0x00000000de680000)
  from space 22528K, 99% used [0x00000000de680000,0x00000000dfc7a800,0x00000000dfc80000)
  to   space 29696K, 0% used [0x00000000e2000000,0x00000000e2000000,0x00000000e3d00000)
 ParOldGen       total 111616K, used 42587K [0x0000000080000000, 0x0000000086d00000, 0x00000000d5580000)
  object space 111616K, 38% used [0x0000000080000000,0x0000000082996ce0,0x0000000086d00000)
 Metaspace       used 57067K, capacity 58758K, committed 59008K, reserved 1099776K
  class space    used 7572K, capacity 7958K, committed 8064K, reserved 1048576K
}
Event: 23.635 GC heap before
{Heap before GC invocations=16 (full 2):
 PSYoungGen      total 171008K, used 25724K [0x00000000d5580000, 0x00000000e3d00000, 0x0000000100000000)
  eden space 148480K, 2% used [0x00000000d5580000,0x00000000d58a4ad8,0x00000000de680000)
  from space 22528K, 99% used [0x00000000de680000,0x00000000dfc7a800,0x00000000dfc80000)
  to   space 29696K, 0% used [0x00000000e2000000,0x00000000e2000000,0x00000000e3d00000)
 ParOldGen       total 111616K, used 42587K [0x0000000080000000, 0x0000000086d00000, 0x00000000d5580000)
  object space 111616K, 38% used [0x0000000080000000,0x0000000082996ce0,0x0000000086d00000)
 Metaspace       used 57339K, capacity 59078K, committed 59160K, reserved 1099776K
  class space    used 7626K, capacity 8022K, committed 8064K, reserved 1048576K
Event: 23.655 GC heap after
Heap after GC invocations=16 (full 2):
 PSYoungGen      total 206336K, used 20304K [0x00000000d5580000, 0x00000000e6480000, 0x0000000100000000)
  eden space 176640K, 0% used [0x00000000d5580000,0x00000000d5580000,0x00000000e0200000)
  from space 29696K, 68% used [0x00000000e2000000,0x00000000e33d4020,0x00000000e3d00000)
  to   space 30720K, 0% used [0x00000000e0200000,0x00000000e0200000,0x00000000e2000000)
 ParOldGen       total 111616K, used 45169K [0x0000000080000000, 0x0000000086d00000, 0x00000000d5580000)
  object space 111616K, 40% used [0x0000000080000000,0x0000000082c1c638,0x0000000086d00000)
 Metaspace       used 57339K, capacity 59078K, committed 59160K, reserved 1099776K
  class space    used 7626K, capacity 8022K, committed 8064K, reserved 1048576K
}
Event: 23.655 GC heap before
{Heap before GC invocations=17 (full 3):
 PSYoungGen      total 206336K, used 20304K [0x00000000d5580000, 0x00000000e6480000, 0x0000000100000000)
  eden space 176640K, 0% used [0x00000000d5580000,0x00000000d5580000,0x00000000e0200000)
  from space 29696K, 68% used [0x00000000e2000000,0x00000000e33d4020,0x00000000e3d00000)
  to   space 30720K, 0% used [0x00000000e0200000,0x00000000e0200000,0x00000000e2000000)
 ParOldGen       total 111616K, used 45169K [0x0000000080000000, 0x0000000086d00000, 0x00000000d5580000)
  object space 111616K, 40% used [0x0000000080000000,0x0000000082c1c638,0x0000000086d00000)
 Metaspace       used 57339K, capacity 59078K, committed 59160K, reserved 1099776K
  class space    used 7626K, capacity 8022K, committed 8064K, reserved 1048576K
Event: 23.909 GC heap after
Heap after GC invocations=17 (full 3):
 PSYoungGen      total 206336K, used 0K [0x00000000d5580000, 0x00000000e6480000, 0x0000000100000000)
  eden space 176640K, 0% used [0x00000000d5580000,0x00000000d5580000,0x00000000e0200000)
  from space 29696K, 0% used [0x00000000e2000000,0x00000000e2000000,0x00000000e3d00000)
  to   space 30720K, 0% used [0x00000000e0200000,0x00000000e0200000,0x00000000e2000000)
 ParOldGen       total 111616K, used 52822K [0x0000000080000000, 0x0000000086d00000, 0x00000000d5580000)
  object space 111616K, 47% used [0x0000000080000000,0x0000000083395aa8,0x0000000086d00000)
 Metaspace       used 57214K, capacity 58864K, committed 59160K, reserved 1099776K
  class space    used 7593K, capacity 7973K, committed 8064K, reserved 1048576K
}
Event: 32.143 GC heap before
{Heap before GC invocations=18 (full 3):
 PSYoungGen      total 206336K, used 176640K [0x00000000d5580000, 0x00000000e6480000, 0x0000000100000000)
  eden space 176640K, 100% used [0x00000000d5580000,0x00000000e0200000,0x00000000e0200000)
  from space 29696K, 0% used [0x00000000e2000000,0x00000000e2000000,0x00000000e3d00000)
  to   space 30720K, 0% used [0x00000000e0200000,0x00000000e0200000,0x00000000e2000000)
 ParOldGen       total 111616K, used 52822K [0x0000000080000000, 0x0000000086d00000, 0x00000000d5580000)
  object space 111616K, 47% used [0x0000000080000000,0x0000000083395aa8,0x0000000086d00000)
 Metaspace       used 63755K, capacity 65434K, committed 65536K, reserved 1105920K
  class space    used 8283K, capacity 8650K, committed 8704K, reserved 1048576K
Event: 32.175 GC heap after
Heap after GC invocations=18 (full 3):
 PSYoungGen      total 207360K, used 11697K [0x00000000d5580000, 0x00000000e8580000, 0x0000000100000000)
  eden space 176640K, 0% used [0x00000000d5580000,0x00000000d5580000,0x00000000e0200000)
  from space 30720K, 38% used [0x00000000e0200000,0x00000000e0d6c4b0,0x00000000e2000000)
  to   space 29696K, 0% used [0x00000000e6880000,0x00000000e6880000,0x00000000e8580000)
 ParOldGen       total 111616K, used 52838K [0x0000000080000000, 0x0000000086d00000, 0x00000000d5580000)
  object space 111616K, 47% used [0x0000000080000000,0x0000000083399aa8,0x0000000086d00000)
 Metaspace       used 63755K, capacity 65434K, committed 65536K, reserved 1105920K
  class space    used 8283K, capacity 8650K, committed 8704K, reserved 1048576K
}

