# JRE version: Java(TM) SE Runtime Environment (8.0_72-b15) (build 1.8.0_72-b15)
# Java VM: Java HotSpot(TM) 64-Bit Server VM (25.72-b15 mixed mode windows-amd64 compressed oops)
Heap:
 PSYoungGen      total 177664K, used 42318K [0x00000000d5580000, 0x00000000e4800000, 0x0000000100000000)
  eden space 153600K, 27% used [0x00000000d5580000,0x00000000d7ed39c8,0x00000000deb80000)
  from space 24064K, 0% used [0x00000000deb80000,0x00000000deb80000,0x00000000e0300000)
  to   space 29184K, 0% used [0x00000000e2b80000,0x00000000e2b80000,0x00000000e4800000)
 ParOldGen       total 111616K, used 56890K [0x0000000080000000, 0x0000000086d00000, 0x00000000d5580000)
  object space 111616K, 50% used [0x0000000080000000,0x000000008378eb28,0x0000000086d00000)
 Metaspace       used 62367K, capacity 63888K, committed 64256K, reserved 1105920K
  class space    used 8231K, capacity 8635K, committed 8704K, reserved 1048576K
GC Heap History (10 events):
Event: 17.181 GC heap before
{Heap before GC invocations=12 (full 2):
 PSYoungGen      total 125952K, used 125050K [0x00000000d5580000, 0x00000000df300000, 0x0000000100000000)
  eden space 113664K, 100% used [0x00000000d5580000,0x00000000dc480000,0x00000000dc480000)
  from space 12288K, 92% used [0x00000000dc480000,0x00000000dcf9e970,0x00000000dd080000)
  to   space 13312K, 0% used [0x00000000de600000,0x00000000de600000,0x00000000df300000)
 ParOldGen       total 111616K, used 17977K [0x0000000080000000, 0x0000000086d00000, 0x00000000d5580000)
  object space 111616K, 16% used [0x0000000080000000,0x000000008118e7c0,0x0000000086d00000)
 Metaspace       used 44120K, capacity 45050K, committed 45440K, reserved 1089536K
  class space    used 5951K, capacity 6225K, committed 6272K, reserved 1048576K
Event: 17.210 GC heap after
Heap after GC invocations=12 (full 2):
 PSYoungGen      total 146432K, used 13310K [0x00000000d5580000, 0x00000000df700000, 0x0000000100000000)
  eden space 133120K, 0% used [0x00000000d5580000,0x00000000d5580000,0x00000000dd780000)
  from space 13312K, 99% used [0x00000000de600000,0x00000000df2ff8e8,0x00000000df300000)
  to   space 14848K, 0% used [0x00000000dd780000,0x00000000dd780000,0x00000000de600000)
 ParOldGen       total 111616K, used 18634K [0x0000000080000000, 0x0000000086d00000, 0x00000000d5580000)
  object space 111616K, 16% used [0x0000000080000000,0x0000000081232a78,0x0000000086d00000)
 Metaspace       used 44120K, capacity 45050K, committed 45440K, reserved 1089536K
  class space    used 5951K, capacity 6225K, committed 6272K, reserved 1048576K
}
Event: 19.195 GC heap before
{Heap before GC invocations=13 (full 2):
 PSYoungGen      total 146432K, used 146430K [0x00000000d5580000, 0x00000000df700000, 0x0000000100000000)
  eden space 133120K, 100% used [0x00000000d5580000,0x00000000dd780000,0x00000000dd780000)
  from space 13312K, 99% used [0x00000000de600000,0x00000000df2ff8e8,0x00000000df300000)
  to   space 14848K, 0% used [0x00000000dd780000,0x00000000dd780000,0x00000000de600000)
 ParOldGen       total 111616K, used 18634K [0x0000000080000000, 0x0000000086d00000, 0x00000000d5580000)
  object space 111616K, 16% used [0x0000000080000000,0x0000000081232a78,0x0000000086d00000)
 Metaspace       used 50364K, capacity 51742K, committed 51968K, reserved 1093632K
  class space    used 6771K, capacity 7078K, committed 7168K, reserved 1048576K
Event: 19.214 GC heap after
Heap after GC invocations=13 (full 2):
 PSYoungGen      total 147968K, used 14816K [0x00000000d5580000, 0x00000000e1580000, 0x0000000100000000)
  eden space 133120K, 0% used [0x00000000d5580000,0x00000000d5580000,0x00000000dd780000)
  from space 14848K, 99% used [0x00000000dd780000,0x00000000de5f8310,0x00000000de600000)
  to   space 18944K, 0% used [0x00000000e0300000,0x00000000e0300000,0x00000000e1580000)
 ParOldGen       total 111616K, used 25669K [0x0000000080000000, 0x0000000086d00000, 0x00000000d5580000)
  object space 111616K, 22% used [0x0000000080000000,0x0000000081911600,0x0000000086d00000)
 Metaspace       used 50364K, capacity 51742K, committed 51968K, reserved 1093632K
  class space    used 6771K, capacity 7078K, committed 7168K, reserved 1048576K
}
Event: 20.411 GC heap before
{Heap before GC invocations=14 (full 2):
 PSYoungGen      total 147968K, used 147936K [0x00000000d5580000, 0x00000000e1580000, 0x0000000100000000)
  eden space 133120K, 100% used [0x00000000d5580000,0x00000000dd780000,0x00000000dd780000)
  from space 14848K, 99% used [0x00000000dd780000,0x00000000de5f8310,0x00000000de600000)
  to   space 18944K, 0% used [0x00000000e0300000,0x00000000e0300000,0x00000000e1580000)
 ParOldGen       total 111616K, used 25669K [0x0000000080000000, 0x0000000086d00000, 0x00000000d5580000)
  object space 111616K, 22% used [0x0000000080000000,0x0000000081911600,0x0000000086d00000)
 Metaspace       used 53850K, capacity 55262K, committed 55424K, reserved 1097728K
  class space    used 7173K, capacity 7543K, committed 7552K, reserved 1048576K
Event: 20.458 GC heap after
Heap after GC invocations=14 (full 2):
 PSYoungGen      total 172544K, used 18936K [0x00000000d5580000, 0x00000000e2900000, 0x0000000100000000)
  eden space 153600K, 0% used [0x00000000d5580000,0x00000000d5580000,0x00000000deb80000)
  from space 18944K, 99% used [0x00000000e0300000,0x00000000e157e220,0x00000000e1580000)
  to   space 24064K, 0% used [0x00000000deb80000,0x00000000deb80000,0x00000000e0300000)
 ParOldGen       total 111616K, used 33191K [0x0000000080000000, 0x0000000086d00000, 0x00000000d5580000)
  object space 111616K, 29% used [0x0000000080000000,0x0000000082069ed0,0x0000000086d00000)
 Metaspace       used 53850K, capacity 55262K, committed 55424K, reserved 1097728K
  class space    used 7173K, capacity 7543K, committed 7552K, reserved 1048576K
}
Event: 26.080 GC heap before
{Heap before GC invocations=15 (full 2):
 PSYoungGen      total 172544K, used 113873K [0x00000000d5580000, 0x00000000e2900000, 0x0000000100000000)
  eden space 153600K, 61% used [0x00000000d5580000,0x00000000db236508,0x00000000deb80000)
  from space 18944K, 99% used [0x00000000e0300000,0x00000000e157e220,0x00000000e1580000)
  to   space 24064K, 0% used [0x00000000deb80000,0x00000000deb80000,0x00000000e0300000)
 ParOldGen       total 111616K, used 33191K [0x0000000080000000, 0x0000000086d00000, 0x00000000d5580000)
  object space 111616K, 29% used [0x0000000080000000,0x0000000082069ed0,0x0000000086d00000)
 Metaspace       used 57417K, capacity 58924K, committed 59136K, reserved 1099776K
  class space    used 7663K, capacity 8066K, committed 8192K, reserved 1048576K
Event: 26.105 GC heap after
Heap after GC invocations=15 (full 2):
 PSYoungGen      total 177664K, used 24037K [0x00000000d5580000, 0x00000000e4800000, 0x0000000100000000)
  eden space 153600K, 0% used [0x00000000d5580000,0x00000000d5580000,0x00000000deb80000)
  from space 24064K, 99% used [0x00000000deb80000,0x00000000e02f97f0,0x00000000e0300000)
  to   space 29184K, 0% used [0x00000000e2b80000,0x00000000e2b80000,0x00000000e4800000)
 ParOldGen       total 111616K, used 38298K [0x0000000080000000, 0x0000000086d00000, 0x00000000d5580000)
  object space 111616K, 34% used [0x0000000080000000,0x0000000082566a70,0x0000000086d00000)
 Metaspace       used 57417K, capacity 58924K, committed 59136K, reserved 1099776K
  class space    used 7663K, capacity 8066K, committed 8192K, reserved 1048576K
}
Event: 26.105 GC heap before
{Heap before GC invocations=16 (full 3):
 PSYoungGen      total 177664K, used 24037K [0x00000000d5580000, 0x00000000e4800000, 0x0000000100000000)
  eden space 153600K, 0% used [0x00000000d5580000,0x00000000d5580000,0x00000000deb80000)
  from space 24064K, 99% used [0x00000000deb80000,0x00000000e02f97f0,0x00000000e0300000)
  to   space 29184K, 0% used [0x00000000e2b80000,0x00000000e2b80000,0x00000000e4800000)
 ParOldGen       total 111616K, used 38298K [0x0000000080000000, 0x0000000086d00000, 0x00000000d5580000)
  object space 111616K, 34% used [0x0000000080000000,0x0000000082566a70,0x0000000086d00000)
 Metaspace       used 57417K, capacity 58924K, committed 59136K, reserved 1099776K
  class space    used 7663K, capacity 8066K, committed 8192K, reserved 1048576K
Event: 26.415 GC heap after
Heap after GC invocations=16 (full 3):
 PSYoungGen      total 177664K, used 0K [0x00000000d5580000, 0x00000000e4800000, 0x0000000100000000)
  eden space 153600K, 0% used [0x00000000d5580000,0x00000000d5580000,0x00000000deb80000)
  from space 24064K, 0% used [0x00000000deb80000,0x00000000deb80000,0x00000000e0300000)
  to   space 29184K, 0% used [0x00000000e2b80000,0x00000000e2b80000,0x00000000e4800000)
 ParOldGen       total 111616K, used 56890K [0x0000000080000000, 0x0000000086d00000, 0x00000000d5580000)
  object space 111616K, 50% used [0x0000000080000000,0x000000008378eb28,0x0000000086d00000)
 Metaspace       used 57323K, capacity 58798K, committed 59136K, reserved 1099776K
  class space    used 7639K, capacity 8025K, committed 8192K, reserved 1048576K
}

