# JRE version: Java(TM) SE Runtime Environment (8.0_72-b15) (build 1.8.0_72-b15)
# Java VM: Java HotSpot(TM) 64-Bit Server VM (25.72-b15 mixed mode windows-amd64 compressed oops)
Heap:
 PSYoungGen      total 304640K, used 33523K [0x00000000d5580000, 0x00000000f2e80000, 0x0000000100000000)
  eden space 278528K, 4% used [0x00000000d5580000,0x00000000d6144a08,0x00000000e6580000)
  from space 26112K, 82% used [0x00000000e6580000,0x00000000e7a783d8,0x00000000e7f00000)
  to   space 28160K, 0% used [0x00000000f1300000,0x00000000f1300000,0x00000000f2e80000)
 ParOldGen       total 144384K, used 46825K [0x0000000080000000, 0x0000000088d00000, 0x00000000d5580000)
  object space 144384K, 32% used [0x0000000080000000,0x0000000082dba468,0x0000000088d00000)
 Metaspace       used 68832K, capacity 70860K, committed 71040K, reserved 1110016K
  class space    used 9080K, capacity 9565K, committed 9600K, reserved 1048576K
GC Heap History (10 events):
Event: 38.419 GC heap before
{Heap before GC invocations=15 (full 2):
 PSYoungGen      total 199680K, used 25327K [0x00000000d5580000, 0x00000000e3a80000, 0x0000000100000000)
  eden space 179712K, 2% used [0x00000000d5580000,0x00000000d5abf740,0x00000000e0500000)
  from space 19968K, 99% used [0x00000000e1f00000,0x00000000e327c6e8,0x00000000e3280000)
  to   space 26624K, 0% used [0x00000000e0500000,0x00000000e0500000,0x00000000e1f00000)
 ParOldGen       total 107520K, used 40427K [0x0000000080000000, 0x0000000086900000, 0x00000000d5580000)
  object space 107520K, 37% used [0x0000000080000000,0x000000008277acd8,0x0000000086900000)
 Metaspace       used 57459K, capacity 59060K, committed 59160K, reserved 1099776K
  class space    used 7611K, capacity 8001K, committed 8064K, reserved 1048576K
Event: 38.456 GC heap after
Heap after GC invocations=15 (full 2):
 PSYoungGen      total 206336K, used 18641K [0x00000000d5580000, 0x00000000e9980000, 0x0000000100000000)
  eden space 179712K, 0% used [0x00000000d5580000,0x00000000d5580000,0x00000000e0500000)
  from space 26624K, 70% used [0x00000000e0500000,0x00000000e17346c8,0x00000000e1f00000)
  to   space 27136K, 0% used [0x00000000e7f00000,0x00000000e7f00000,0x00000000e9980000)
 ParOldGen       total 107520K, used 42131K [0x0000000080000000, 0x0000000086900000, 0x00000000d5580000)
  object space 107520K, 39% used [0x0000000080000000,0x0000000082924cd8,0x0000000086900000)
 Metaspace       used 57459K, capacity 59060K, committed 59160K, reserved 1099776K
  class space    used 7611K, capacity 8001K, committed 8064K, reserved 1048576K
}
Event: 38.457 GC heap before
{Heap before GC invocations=16 (full 3):
 PSYoungGen      total 206336K, used 18641K [0x00000000d5580000, 0x00000000e9980000, 0x0000000100000000)
  eden space 179712K, 0% used [0x00000000d5580000,0x00000000d5580000,0x00000000e0500000)
  from space 26624K, 70% used [0x00000000e0500000,0x00000000e17346c8,0x00000000e1f00000)
  to   space 27136K, 0% used [0x00000000e7f00000,0x00000000e7f00000,0x00000000e9980000)
 ParOldGen       total 107520K, used 42131K [0x0000000080000000, 0x0000000086900000, 0x00000000d5580000)
  object space 107520K, 39% used [0x0000000080000000,0x0000000082924cd8,0x0000000086900000)
 Metaspace       used 57459K, capacity 59060K, committed 59160K, reserved 1099776K
  class space    used 7611K, capacity 8001K, committed 8064K, reserved 1048576K
Event: 38.720 GC heap after
Heap after GC invocations=16 (full 3):
 PSYoungGen      total 206336K, used 0K [0x00000000d5580000, 0x00000000e9980000, 0x0000000100000000)
  eden space 179712K, 0% used [0x00000000d5580000,0x00000000d5580000,0x00000000e0500000)
  from space 26624K, 0% used [0x00000000e0500000,0x00000000e0500000,0x00000000e1f00000)
  to   space 27136K, 0% used [0x00000000e7f00000,0x00000000e7f00000,0x00000000e9980000)
 ParOldGen       total 144384K, used 47366K [0x0000000080000000, 0x0000000088d00000, 0x00000000d5580000)
  object space 144384K, 32% used [0x0000000080000000,0x0000000082e41a28,0x0000000088d00000)
 Metaspace       used 57341K, capacity 58820K, committed 59160K, reserved 1099776K
  class space    used 7580K, capacity 7921K, committed 8064K, reserved 1048576K
}
Event: 47.727 GC heap before
{Heap before GC invocations=17 (full 3):
 PSYoungGen      total 206336K, used 165542K [0x00000000d5580000, 0x00000000e9980000, 0x0000000100000000)
  eden space 179712K, 92% used [0x00000000d5580000,0x00000000df729b18,0x00000000e0500000)
  from space 26624K, 0% used [0x00000000e0500000,0x00000000e0500000,0x00000000e1f00000)
  to   space 27136K, 0% used [0x00000000e7f00000,0x00000000e7f00000,0x00000000e9980000)
 ParOldGen       total 144384K, used 47366K [0x0000000080000000, 0x0000000088d00000, 0x00000000d5580000)
  object space 144384K, 32% used [0x0000000080000000,0x0000000082e41a28,0x0000000088d00000)
 Metaspace       used 65420K, capacity 67244K, committed 67456K, reserved 1107968K
  class space    used 8635K, capacity 9060K, committed 9088K, reserved 1048576K
Event: 47.742 GC heap after
Heap after GC invocations=17 (full 3):
 PSYoungGen      total 305152K, used 13723K [0x00000000d5580000, 0x00000000e9900000, 0x0000000100000000)
  eden space 278528K, 0% used [0x00000000d5580000,0x00000000d5580000,0x00000000e6580000)
  from space 26624K, 51% used [0x00000000e7f00000,0x00000000e8c66c38,0x00000000e9900000)
  to   space 26112K, 0% used [0x00000000e6580000,0x00000000e6580000,0x00000000e7f00000)
 ParOldGen       total 144384K, used 47374K [0x0000000080000000, 0x0000000088d00000, 0x00000000d5580000)
  object space 144384K, 32% used [0x0000000080000000,0x0000000082e43a28,0x0000000088d00000)
 Metaspace       used 65420K, capacity 67244K, committed 67456K, reserved 1107968K
  class space    used 8635K, capacity 9060K, committed 9088K, reserved 1048576K
}
Event: 47.742 GC heap before
{Heap before GC invocations=18 (full 4):
 PSYoungGen      total 305152K, used 13723K [0x00000000d5580000, 0x00000000e9900000, 0x0000000100000000)
  eden space 278528K, 0% used [0x00000000d5580000,0x00000000d5580000,0x00000000e6580000)
  from space 26624K, 51% used [0x00000000e7f00000,0x00000000e8c66c38,0x00000000e9900000)
  to   space 26112K, 0% used [0x00000000e6580000,0x00000000e6580000,0x00000000e7f00000)
 ParOldGen       total 144384K, used 47374K [0x0000000080000000, 0x0000000088d00000, 0x00000000d5580000)
  object space 144384K, 32% used [0x0000000080000000,0x0000000082e43a28,0x0000000088d00000)
 Metaspace       used 65420K, capacity 67244K, committed 67456K, reserved 1107968K
  class space    used 8635K, capacity 9060K, committed 9088K, reserved 1048576K
Event: 47.975 GC heap after
Heap after GC invocations=18 (full 4):
 PSYoungGen      total 305152K, used 0K [0x00000000d5580000, 0x00000000e9900000, 0x0000000100000000)
  eden space 278528K, 0% used [0x00000000d5580000,0x00000000d5580000,0x00000000e6580000)
  from space 26624K, 0% used [0x00000000e7f00000,0x00000000e7f00000,0x00000000e9900000)
  to   space 26112K, 0% used [0x00000000e6580000,0x00000000e6580000,0x00000000e7f00000)
 ParOldGen       total 144384K, used 46817K [0x0000000080000000, 0x0000000088d00000, 0x00000000d5580000)
  object space 144384K, 32% used [0x0000000080000000,0x0000000082db8468,0x0000000088d00000)
 Metaspace       used 65418K, capacity 67238K, committed 67456K, reserved 1107968K
  class space    used 8635K, capacity 9059K, committed 9088K, reserved 1048576K
}
Event: 733.833 GC heap before
{Heap before GC invocations=19 (full 4):
 PSYoungGen      total 305152K, used 278528K [0x00000000d5580000, 0x00000000e9900000, 0x0000000100000000)
  eden space 278528K, 100% used [0x00000000d5580000,0x00000000e6580000,0x00000000e6580000)
  from space 26624K, 0% used [0x00000000e7f00000,0x00000000e7f00000,0x00000000e9900000)
  to   space 26112K, 0% used [0x00000000e6580000,0x00000000e6580000,0x00000000e7f00000)
 ParOldGen       total 144384K, used 46817K [0x0000000080000000, 0x0000000088d00000, 0x00000000d5580000)
  object space 144384K, 32% used [0x0000000080000000,0x0000000082db8468,0x0000000088d00000)
 Metaspace       used 68797K, capacity 70796K, committed 71040K, reserved 1110016K
  class space    used 9079K, capacity 9565K, committed 9600K, reserved 1048576K
Event: 733.892 GC heap after
Heap after GC invocations=19 (full 4):
 PSYoungGen      total 304640K, used 21472K [0x00000000d5580000, 0x00000000f2e80000, 0x0000000100000000)
  eden space 278528K, 0% used [0x00000000d5580000,0x00000000d5580000,0x00000000e6580000)
  from space 26112K, 82% used [0x00000000e6580000,0x00000000e7a783d8,0x00000000e7f00000)
  to   space 28160K, 0% used [0x00000000f1300000,0x00000000f1300000,0x00000000f2e80000)
 ParOldGen       total 144384K, used 46825K [0x0000000080000000, 0x0000000088d00000, 0x00000000d5580000)
  object space 144384K, 32% used [0x0000000080000000,0x0000000082dba468,0x0000000088d00000)
 Metaspace       used 68797K, capacity 70796K, committed 71040K, reserved 1110016K
  class space    used 9079K, capacity 9565K, committed 9600K, reserved 1048576K
}

