# JRE version: Java(TM) SE Runtime Environment (8.0_72-b15) (build 1.8.0_72-b15)
# Java VM: Java HotSpot(TM) 64-Bit Server VM (25.72-b15 mixed mode windows-amd64 compressed oops)
Heap:
 PSYoungGen      total 289792K, used 43938K [0x00000000d5580000, 0x00000000eeb80000, 0x0000000100000000)
  eden space 258560K, 7% used [0x00000000d5580000,0x00000000d67d33a8,0x00000000e5200000)
  from space 31232K, 80% used [0x00000000e5200000,0x00000000e6a955a0,0x00000000e7080000)
  to   space 33280K, 0% used [0x00000000ecb00000,0x00000000ecb00000,0x00000000eeb80000)
 ParOldGen       total 165888K, used 51815K [0x0000000080000000, 0x000000008a200000, 0x00000000d5580000)
  object space 165888K, 31% used [0x0000000080000000,0x0000000083299d10,0x000000008a200000)
 Metaspace       used 74963K, capacity 77066K, committed 77184K, reserved 1116160K
  class space    used 9583K, capacity 10058K, committed 10112K, reserved 1048576K
GC Heap History (10 events):
Event: 23.323 GC heap before
{Heap before GC invocations=15 (full 2):
 PSYoungGen      total 206336K, used 43841K [0x00000000d5580000, 0x00000000e4c00000, 0x0000000100000000)
  eden space 185856K, 12% used [0x00000000d5580000,0x00000000d6c51e40,0x00000000e0b00000)
  from space 20480K, 99% used [0x00000000e2600000,0x00000000e39fe608,0x00000000e3a00000)
  to   space 27648K, 0% used [0x00000000e0b00000,0x00000000e0b00000,0x00000000e2600000)
 ParOldGen       total 101376K, used 45001K [0x0000000080000000, 0x0000000086300000, 0x00000000d5580000)
  object space 101376K, 44% used [0x0000000080000000,0x0000000082bf2710,0x0000000086300000)
 Metaspace       used 57441K, capacity 59096K, committed 59160K, reserved 1099776K
  class space    used 7659K, capacity 8036K, committed 8064K, reserved 1048576K
Event: 23.356 GC heap after
Heap after GC invocations=15 (full 2):
 PSYoungGen      total 213504K, used 25964K [0x00000000d5580000, 0x00000000e9280000, 0x0000000100000000)
  eden space 185856K, 0% used [0x00000000d5580000,0x00000000d5580000,0x00000000e0b00000)
  from space 27648K, 93% used [0x00000000e0b00000,0x00000000e245b1d8,0x00000000e2600000)
  to   space 31232K, 0% used [0x00000000e7400000,0x00000000e7400000,0x00000000e9280000)
 ParOldGen       total 101376K, used 47045K [0x0000000080000000, 0x0000000086300000, 0x00000000d5580000)
  object space 101376K, 46% used [0x0000000080000000,0x0000000082df1720,0x0000000086300000)
 Metaspace       used 57441K, capacity 59096K, committed 59160K, reserved 1099776K
  class space    used 7659K, capacity 8036K, committed 8064K, reserved 1048576K
}
Event: 23.356 GC heap before
{Heap before GC invocations=16 (full 3):
 PSYoungGen      total 213504K, used 25964K [0x00000000d5580000, 0x00000000e9280000, 0x0000000100000000)
  eden space 185856K, 0% used [0x00000000d5580000,0x00000000d5580000,0x00000000e0b00000)
  from space 27648K, 93% used [0x00000000e0b00000,0x00000000e245b1d8,0x00000000e2600000)
  to   space 31232K, 0% used [0x00000000e7400000,0x00000000e7400000,0x00000000e9280000)
 ParOldGen       total 101376K, used 47045K [0x0000000080000000, 0x0000000086300000, 0x00000000d5580000)
  object space 101376K, 46% used [0x0000000080000000,0x0000000082df1720,0x0000000086300000)
 Metaspace       used 57441K, capacity 59096K, committed 59160K, reserved 1099776K
  class space    used 7659K, capacity 8036K, committed 8064K, reserved 1048576K
Event: 23.668 GC heap after
Heap after GC invocations=16 (full 3):
 PSYoungGen      total 213504K, used 0K [0x00000000d5580000, 0x00000000e9280000, 0x0000000100000000)
  eden space 185856K, 0% used [0x00000000d5580000,0x00000000d5580000,0x00000000e0b00000)
  from space 27648K, 0% used [0x00000000e0b00000,0x00000000e0b00000,0x00000000e2600000)
  to   space 31232K, 0% used [0x00000000e7400000,0x00000000e7400000,0x00000000e9280000)
 ParOldGen       total 165888K, used 61460K [0x0000000080000000, 0x000000008a200000, 0x00000000d5580000)
  object space 165888K, 37% used [0x0000000080000000,0x0000000083c053f8,0x000000008a200000)
 Metaspace       used 57441K, capacity 59096K, committed 59160K, reserved 1099776K
  class space    used 7659K, capacity 8036K, committed 8064K, reserved 1048576K
}
Event: 32.470 GC heap before
{Heap before GC invocations=17 (full 3):
 PSYoungGen      total 213504K, used 161120K [0x00000000d5580000, 0x00000000e9280000, 0x0000000100000000)
  eden space 185856K, 86% used [0x00000000d5580000,0x00000000df2d8158,0x00000000e0b00000)
  from space 27648K, 0% used [0x00000000e0b00000,0x00000000e0b00000,0x00000000e2600000)
  to   space 31232K, 0% used [0x00000000e7400000,0x00000000e7400000,0x00000000e9280000)
 ParOldGen       total 165888K, used 61460K [0x0000000080000000, 0x000000008a200000, 0x00000000d5580000)
  object space 165888K, 37% used [0x0000000080000000,0x0000000083c053f8,0x000000008a200000)
 Metaspace       used 69300K, capacity 71024K, committed 71296K, reserved 1112064K
  class space    used 8874K, capacity 9306K, committed 9344K, reserved 1048576K
Event: 32.494 GC heap after
Heap after GC invocations=17 (full 3):
 PSYoungGen      total 286208K, used 18763K [0x00000000d5580000, 0x00000000e8f00000, 0x0000000100000000)
  eden space 258560K, 0% used [0x00000000d5580000,0x00000000d5580000,0x00000000e5200000)
  from space 27648K, 67% used [0x00000000e7400000,0x00000000e8652d00,0x00000000e8f00000)
  to   space 31232K, 0% used [0x00000000e5200000,0x00000000e5200000,0x00000000e7080000)
 ParOldGen       total 165888K, used 61476K [0x0000000080000000, 0x000000008a200000, 0x00000000d5580000)
  object space 165888K, 37% used [0x0000000080000000,0x0000000083c093f8,0x000000008a200000)
 Metaspace       used 69300K, capacity 71024K, committed 71296K, reserved 1112064K
  class space    used 8874K, capacity 9306K, committed 9344K, reserved 1048576K
}
Event: 32.494 GC heap before
{Heap before GC invocations=18 (full 4):
 PSYoungGen      total 286208K, used 18763K [0x00000000d5580000, 0x00000000e8f00000, 0x0000000100000000)
  eden space 258560K, 0% used [0x00000000d5580000,0x00000000d5580000,0x00000000e5200000)
  from space 27648K, 67% used [0x00000000e7400000,0x00000000e8652d00,0x00000000e8f00000)
  to   space 31232K, 0% used [0x00000000e5200000,0x00000000e5200000,0x00000000e7080000)
 ParOldGen       total 165888K, used 61476K [0x0000000080000000, 0x000000008a200000, 0x00000000d5580000)
  object space 165888K, 37% used [0x0000000080000000,0x0000000083c093f8,0x000000008a200000)
 Metaspace       used 69300K, capacity 71024K, committed 71296K, reserved 1112064K
  class space    used 8874K, capacity 9306K, committed 9344K, reserved 1048576K
Event: 32.748 GC heap after
Heap after GC invocations=18 (full 4):
 PSYoungGen      total 286208K, used 0K [0x00000000d5580000, 0x00000000e8f00000, 0x0000000100000000)
  eden space 258560K, 0% used [0x00000000d5580000,0x00000000d5580000,0x00000000e5200000)
  from space 27648K, 0% used [0x00000000e7400000,0x00000000e7400000,0x00000000e8f00000)
  to   space 31232K, 0% used [0x00000000e5200000,0x00000000e5200000,0x00000000e7080000)
 ParOldGen       total 165888K, used 51807K [0x0000000080000000, 0x000000008a200000, 0x00000000d5580000)
  object space 165888K, 31% used [0x0000000080000000,0x0000000083297d10,0x000000008a200000)
 Metaspace       used 69300K, capacity 71024K, committed 71296K, reserved 1112064K
  class space    used 8874K, capacity 9306K, committed 9344K, reserved 1048576K
}
Event: 59.571 GC heap before
{Heap before GC invocations=19 (full 4):
 PSYoungGen      total 286208K, used 258560K [0x00000000d5580000, 0x00000000e8f00000, 0x0000000100000000)
  eden space 258560K, 100% used [0x00000000d5580000,0x00000000e5200000,0x00000000e5200000)
  from space 27648K, 0% used [0x00000000e7400000,0x00000000e7400000,0x00000000e8f00000)
  to   space 31232K, 0% used [0x00000000e5200000,0x00000000e5200000,0x00000000e7080000)
 ParOldGen       total 165888K, used 51807K [0x0000000080000000, 0x000000008a200000, 0x00000000d5580000)
  object space 165888K, 31% used [0x0000000080000000,0x0000000083297d10,0x000000008a200000)
 Metaspace       used 74728K, capacity 76692K, committed 76928K, reserved 1116160K
  class space    used 9560K, capacity 10001K, committed 10112K, reserved 1048576K
Event: 59.597 GC heap after
Heap after GC invocations=19 (full 4):
 PSYoungGen      total 289792K, used 25173K [0x00000000d5580000, 0x00000000eeb80000, 0x0000000100000000)
  eden space 258560K, 0% used [0x00000000d5580000,0x00000000d5580000,0x00000000e5200000)
  from space 31232K, 80% used [0x00000000e5200000,0x00000000e6a955a0,0x00000000e7080000)
  to   space 33280K, 0% used [0x00000000ecb00000,0x00000000ecb00000,0x00000000eeb80000)
 ParOldGen       total 165888K, used 51815K [0x0000000080000000, 0x000000008a200000, 0x00000000d5580000)
  object space 165888K, 31% used [0x0000000080000000,0x0000000083299d10,0x000000008a200000)
 Metaspace       used 74728K, capacity 76692K, committed 76928K, reserved 1116160K
  class space    used 9560K, capacity 10001K, committed 10112K, reserved 1048576K
}

