# JRE version: Java(TM) SE Runtime Environment (8.0_72-b15) (build 1.8.0_72-b15)
# Java VM: Java HotSpot(TM) 64-Bit Server VM (25.72-b15 mixed mode windows-amd64 compressed oops)
Heap:
 PSYoungGen      total 249344K, used 30518K [0x00000000d5580000, 0x00000000eb000000, 0x0000000100000000)
  eden space 220160K, 4% used [0x00000000d5580000,0x00000000d5e4c588,0x00000000e2c80000)
  from space 29184K, 73% used [0x00000000e2c80000,0x00000000e4181568,0x00000000e4900000)
  to   space 30208K, 0% used [0x00000000e9280000,0x00000000e9280000,0x00000000eb000000)
 ParOldGen       total 109056K, used 51023K [0x0000000080000000, 0x0000000086a80000, 0x00000000d5580000)
  object space 109056K, 46% used [0x0000000080000000,0x00000000831d3f30,0x0000000086a80000)
 Metaspace       used 74231K, capacity 76188K, committed 76288K, reserved 1116160K
  class space    used 9494K, capacity 9965K, committed 9984K, reserved 1048576K
GC Heap History (10 events):
Event: 19.308 GC heap before
{Heap before GC invocations=15 (full 2):
 PSYoungGen      total 180736K, used 26243K [0x00000000d5580000, 0x00000000e3100000, 0x0000000100000000)
  eden space 160768K, 3% used [0x00000000d5580000,0x00000000d5ba8418,0x00000000df280000)
  from space 19968K, 99% used [0x00000000e0e80000,0x00000000e21f8820,0x00000000e2200000)
  to   space 28672K, 0% used [0x00000000df280000,0x00000000df280000,0x00000000e0e80000)
 ParOldGen       total 109056K, used 47587K [0x0000000080000000, 0x0000000086a80000, 0x00000000d5580000)
  object space 109056K, 43% used [0x0000000080000000,0x0000000082e78df8,0x0000000086a80000)
 Metaspace       used 57437K, capacity 58964K, committed 59136K, reserved 1099776K
  class space    used 7659K, capacity 8083K, committed 8192K, reserved 1048576K
Event: 19.339 GC heap after
Heap after GC invocations=15 (full 2):
 PSYoungGen      total 189440K, used 19139K [0x00000000d5580000, 0x00000000e6580000, 0x0000000100000000)
  eden space 160768K, 0% used [0x00000000d5580000,0x00000000d5580000,0x00000000df280000)
  from space 28672K, 66% used [0x00000000df280000,0x00000000e0530d18,0x00000000e0e80000)
  to   space 29184K, 0% used [0x00000000e4900000,0x00000000e4900000,0x00000000e6580000)
 ParOldGen       total 109056K, used 49243K [0x0000000080000000, 0x0000000086a80000, 0x00000000d5580000)
  object space 109056K, 45% used [0x0000000080000000,0x0000000083016df8,0x0000000086a80000)
 Metaspace       used 57437K, capacity 58964K, committed 59136K, reserved 1099776K
  class space    used 7659K, capacity 8083K, committed 8192K, reserved 1048576K
}
Event: 19.339 GC heap before
{Heap before GC invocations=16 (full 3):
 PSYoungGen      total 189440K, used 19139K [0x00000000d5580000, 0x00000000e6580000, 0x0000000100000000)
  eden space 160768K, 0% used [0x00000000d5580000,0x00000000d5580000,0x00000000df280000)
  from space 28672K, 66% used [0x00000000df280000,0x00000000e0530d18,0x00000000e0e80000)
  to   space 29184K, 0% used [0x00000000e4900000,0x00000000e4900000,0x00000000e6580000)
 ParOldGen       total 109056K, used 49243K [0x0000000080000000, 0x0000000086a80000, 0x00000000d5580000)
  object space 109056K, 45% used [0x0000000080000000,0x0000000083016df8,0x0000000086a80000)
 Metaspace       used 57437K, capacity 58964K, committed 59136K, reserved 1099776K
  class space    used 7659K, capacity 8083K, committed 8192K, reserved 1048576K
Event: 19.640 GC heap after
Heap after GC invocations=16 (full 3):
 PSYoungGen      total 189440K, used 0K [0x00000000d5580000, 0x00000000e6580000, 0x0000000100000000)
  eden space 160768K, 0% used [0x00000000d5580000,0x00000000d5580000,0x00000000df280000)
  from space 28672K, 0% used [0x00000000df280000,0x00000000df280000,0x00000000e0e80000)
  to   space 29184K, 0% used [0x00000000e4900000,0x00000000e4900000,0x00000000e6580000)
 ParOldGen       total 109056K, used 61528K [0x0000000080000000, 0x0000000086a80000, 0x00000000d5580000)
  object space 109056K, 56% used [0x0000000080000000,0x0000000083c16028,0x0000000086a80000)
 Metaspace       used 57437K, capacity 58964K, committed 59136K, reserved 1099776K
  class space    used 7659K, capacity 8083K, committed 8192K, reserved 1048576K
}
Event: 26.033 GC heap before
{Heap before GC invocations=17 (full 3):
 PSYoungGen      total 189440K, used 156870K [0x00000000d5580000, 0x00000000e6580000, 0x0000000100000000)
  eden space 160768K, 97% used [0x00000000d5580000,0x00000000deeb1aa0,0x00000000df280000)
  from space 28672K, 0% used [0x00000000df280000,0x00000000df280000,0x00000000e0e80000)
  to   space 29184K, 0% used [0x00000000e4900000,0x00000000e4900000,0x00000000e6580000)
 ParOldGen       total 109056K, used 61528K [0x0000000080000000, 0x0000000086a80000, 0x00000000d5580000)
  object space 109056K, 56% used [0x0000000080000000,0x0000000083c16028,0x0000000086a80000)
 Metaspace       used 68926K, capacity 70676K, committed 71040K, reserved 1112064K
  class space    used 8839K, capacity 9259K, committed 9344K, reserved 1048576K
Event: 26.046 GC heap after
Heap after GC invocations=17 (full 3):
 PSYoungGen      total 249344K, used 16565K [0x00000000d5580000, 0x00000000e6700000, 0x0000000100000000)
  eden space 220160K, 0% used [0x00000000d5580000,0x00000000d5580000,0x00000000e2c80000)
  from space 29184K, 56% used [0x00000000e4900000,0x00000000e592d648,0x00000000e6580000)
  to   space 29184K, 0% used [0x00000000e2c80000,0x00000000e2c80000,0x00000000e4900000)
 ParOldGen       total 109056K, used 61536K [0x0000000080000000, 0x0000000086a80000, 0x00000000d5580000)
  object space 109056K, 56% used [0x0000000080000000,0x0000000083c18028,0x0000000086a80000)
 Metaspace       used 68926K, capacity 70676K, committed 71040K, reserved 1112064K
  class space    used 8839K, capacity 9259K, committed 9344K, reserved 1048576K
}
Event: 26.046 GC heap before
{Heap before GC invocations=18 (full 4):
 PSYoungGen      total 249344K, used 16565K [0x00000000d5580000, 0x00000000e6700000, 0x0000000100000000)
  eden space 220160K, 0% used [0x00000000d5580000,0x00000000d5580000,0x00000000e2c80000)
  from space 29184K, 56% used [0x00000000e4900000,0x00000000e592d648,0x00000000e6580000)
  to   space 29184K, 0% used [0x00000000e2c80000,0x00000000e2c80000,0x00000000e4900000)
 ParOldGen       total 109056K, used 61536K [0x0000000080000000, 0x0000000086a80000, 0x00000000d5580000)
  object space 109056K, 56% used [0x0000000080000000,0x0000000083c18028,0x0000000086a80000)
 Metaspace       used 68926K, capacity 70676K, committed 71040K, reserved 1112064K
  class space    used 8839K, capacity 9259K, committed 9344K, reserved 1048576K
Event: 26.235 GC heap after
Heap after GC invocations=18 (full 4):
 PSYoungGen      total 249344K, used 0K [0x00000000d5580000, 0x00000000e6700000, 0x0000000100000000)
  eden space 220160K, 0% used [0x00000000d5580000,0x00000000d5580000,0x00000000e2c80000)
  from space 29184K, 0% used [0x00000000e4900000,0x00000000e4900000,0x00000000e6580000)
  to   space 29184K, 0% used [0x00000000e2c80000,0x00000000e2c80000,0x00000000e4900000)
 ParOldGen       total 109056K, used 51015K [0x0000000080000000, 0x0000000086a80000, 0x00000000d5580000)
  object space 109056K, 46% used [0x0000000080000000,0x00000000831d1f30,0x0000000086a80000)
 Metaspace       used 68926K, capacity 70676K, committed 71040K, reserved 1112064K
  class space    used 8839K, capacity 9259K, committed 9344K, reserved 1048576K
}
Event: 76.899 GC heap before
{Heap before GC invocations=19 (full 4):
 PSYoungGen      total 249344K, used 220160K [0x00000000d5580000, 0x00000000e6700000, 0x0000000100000000)
  eden space 220160K, 100% used [0x00000000d5580000,0x00000000e2c80000,0x00000000e2c80000)
  from space 29184K, 0% used [0x00000000e4900000,0x00000000e4900000,0x00000000e6580000)
  to   space 29184K, 0% used [0x00000000e2c80000,0x00000000e2c80000,0x00000000e4900000)
 ParOldGen       total 109056K, used 51015K [0x0000000080000000, 0x0000000086a80000, 0x00000000d5580000)
  object space 109056K, 46% used [0x0000000080000000,0x00000000831d1f30,0x0000000086a80000)
 Metaspace       used 73675K, capacity 75656K, committed 75776K, reserved 1116160K
  class space    used 9415K, capacity 9893K, committed 9984K, reserved 1048576K
Event: 76.926 GC heap after
Heap after GC invocations=19 (full 4):
 PSYoungGen      total 249344K, used 21509K [0x00000000d5580000, 0x00000000eb000000, 0x0000000100000000)
  eden space 220160K, 0% used [0x00000000d5580000,0x00000000d5580000,0x00000000e2c80000)
  from space 29184K, 73% used [0x00000000e2c80000,0x00000000e4181568,0x00000000e4900000)
  to   space 30208K, 0% used [0x00000000e9280000,0x00000000e9280000,0x00000000eb000000)
 ParOldGen       total 109056K, used 51023K [0x0000000080000000, 0x0000000086a80000, 0x00000000d5580000)
  object space 109056K, 46% used [0x0000000080000000,0x00000000831d3f30,0x0000000086a80000)
 Metaspace       used 73675K, capacity 75656K, committed 75776K, reserved 1116160K
  class space    used 9415K, capacity 9893K, committed 9984K, reserved 1048576K
}

