# JRE version: Java(TM) SE Runtime Environment (8.0_72-b15) (build 1.8.0_72-b15)
# Java VM: Java HotSpot(TM) 64-Bit Server VM (25.72-b15 mixed mode windows-amd64 compressed oops)
Heap:
 PSYoungGen      total 130048K, used 91912K [0x00000000d5580000, 0x00000000de480000, 0x0000000100000000)
  eden space 117760K, 69% used [0x00000000d5580000,0x00000000da57e6e8,0x00000000dc880000)
  from space 12288K, 81% used [0x00000000dc880000,0x00000000dd243a08,0x00000000dd480000)
  to   space 12800K, 0% used [0x00000000dd480000,0x00000000dd480000,0x00000000de100000)
 ParOldGen       total 109056K, used 19387K [0x0000000080000000, 0x0000000086a80000, 0x00000000d5580000)
  object space 109056K, 17% used [0x0000000080000000,0x00000000812eef10,0x0000000086a80000)
 Metaspace       used 43243K, capacity 44266K, committed 44544K, reserved 1087488K
  class space    used 5813K, capacity 6108K, committed 6144K, reserved 1048576K
GC Heap History (10 events):
Event: 7.577 GC heap before
{Heap before GC invocations=7 (full 1):
 PSYoungGen      total 71680K, used 71649K [0x00000000d5580000, 0x00000000dc300000, 0x0000000100000000)
  eden space 66560K, 100% used [0x00000000d5580000,0x00000000d9680000,0x00000000d9680000)
  from space 5120K, 99% used [0x00000000d9680000,0x00000000d9b78630,0x00000000d9b80000)
  to   space 10240K, 0% used [0x00000000db900000,0x00000000db900000,0x00000000dc300000)
 ParOldGen       total 69632K, used 13506K [0x0000000080000000, 0x0000000084400000, 0x00000000d5580000)
  object space 69632K, 19% used [0x0000000080000000,0x0000000080d30890,0x0000000084400000)
 Metaspace       used 29932K, capacity 30438K, committed 30720K, reserved 1075200K
  class space    used 4101K, capacity 4276K, committed 4352K, reserved 1048576K
Event: 7.589 GC heap after
Heap after GC invocations=7 (full 1):
 PSYoungGen      total 96768K, used 8246K [0x00000000d5580000, 0x00000000dc180000, 0x0000000100000000)
  eden space 88064K, 0% used [0x00000000d5580000,0x00000000d5580000,0x00000000dab80000)
  from space 8704K, 94% used [0x00000000db900000,0x00000000dc10d9f0,0x00000000dc180000)
  to   space 10240K, 0% used [0x00000000dad80000,0x00000000dad80000,0x00000000db780000)
 ParOldGen       total 69632K, used 13514K [0x0000000080000000, 0x0000000084400000, 0x00000000d5580000)
  object space 69632K, 19% used [0x0000000080000000,0x0000000080d32890,0x0000000084400000)
 Metaspace       used 29932K, capacity 30438K, committed 30720K, reserved 1075200K
  class space    used 4101K, capacity 4276K, committed 4352K, reserved 1048576K
}
Event: 8.205 GC heap before
{Heap before GC invocations=8 (full 1):
 PSYoungGen      total 96768K, used 84385K [0x00000000d5580000, 0x00000000dc180000, 0x0000000100000000)
  eden space 88064K, 86% used [0x00000000d5580000,0x00000000d9fdabc0,0x00000000dab80000)
  from space 8704K, 94% used [0x00000000db900000,0x00000000dc10d9f0,0x00000000dc180000)
  to   space 10240K, 0% used [0x00000000dad80000,0x00000000dad80000,0x00000000db780000)
 ParOldGen       total 69632K, used 13514K [0x0000000080000000, 0x0000000084400000, 0x00000000d5580000)
  object space 69632K, 19% used [0x0000000080000000,0x0000000080d32890,0x0000000084400000)
 Metaspace       used 34789K, capacity 35272K, committed 35496K, reserved 1079296K
  class space    used 4705K, capacity 4837K, committed 4864K, reserved 1048576K
Event: 8.216 GC heap after
Heap after GC invocations=8 (full 1):
 PSYoungGen      total 100352K, used 10209K [0x00000000d5580000, 0x00000000de100000, 0x0000000100000000)
  eden space 90112K, 0% used [0x00000000d5580000,0x00000000d5580000,0x00000000dad80000)
  from space 10240K, 99% used [0x00000000dad80000,0x00000000db778718,0x00000000db780000)
  to   space 12800K, 0% used [0x00000000dd480000,0x00000000dd480000,0x00000000de100000)
 ParOldGen       total 69632K, used 15995K [0x0000000080000000, 0x0000000084400000, 0x00000000d5580000)
  object space 69632K, 22% used [0x0000000080000000,0x0000000080f9ee70,0x0000000084400000)
 Metaspace       used 34789K, capacity 35272K, committed 35496K, reserved 1079296K
  class space    used 4705K, capacity 4837K, committed 4864K, reserved 1048576K
}
Event: 8.216 GC heap before
{Heap before GC invocations=9 (full 2):
 PSYoungGen      total 100352K, used 10209K [0x00000000d5580000, 0x00000000de100000, 0x0000000100000000)
  eden space 90112K, 0% used [0x00000000d5580000,0x00000000d5580000,0x00000000dad80000)
  from space 10240K, 99% used [0x00000000dad80000,0x00000000db778718,0x00000000db780000)
  to   space 12800K, 0% used [0x00000000dd480000,0x00000000dd480000,0x00000000de100000)
 ParOldGen       total 69632K, used 15995K [0x0000000080000000, 0x0000000084400000, 0x00000000d5580000)
  object space 69632K, 22% used [0x0000000080000000,0x0000000080f9ee70,0x0000000084400000)
 Metaspace       used 34789K, capacity 35272K, committed 35496K, reserved 1079296K
  class space    used 4705K, capacity 4837K, committed 4864K, reserved 1048576K
Event: 8.300 GC heap after
Heap after GC invocations=9 (full 2):
 PSYoungGen      total 100352K, used 0K [0x00000000d5580000, 0x00000000de100000, 0x0000000100000000)
  eden space 90112K, 0% used [0x00000000d5580000,0x00000000d5580000,0x00000000dad80000)
  from space 10240K, 0% used [0x00000000dad80000,0x00000000dad80000,0x00000000db780000)
  to   space 12800K, 0% used [0x00000000dd480000,0x00000000dd480000,0x00000000de100000)
 ParOldGen       total 109056K, used 19307K [0x0000000080000000, 0x0000000086a80000, 0x00000000d5580000)
  object space 109056K, 17% used [0x0000000080000000,0x00000000812daf00,0x0000000086a80000)
 Metaspace       used 34789K, capacity 35272K, committed 35496K, reserved 1079296K
  class space    used 4705K, capacity 4837K, committed 4864K, reserved 1048576K
}
Event: 12.338 GC heap before
{Heap before GC invocations=10 (full 2):
 PSYoungGen      total 100352K, used 90112K [0x00000000d5580000, 0x00000000de100000, 0x0000000100000000)
  eden space 90112K, 100% used [0x00000000d5580000,0x00000000dad80000,0x00000000dad80000)
  from space 10240K, 0% used [0x00000000dad80000,0x00000000dad80000,0x00000000db780000)
  to   space 12800K, 0% used [0x00000000dd480000,0x00000000dd480000,0x00000000de100000)
 ParOldGen       total 109056K, used 19307K [0x0000000080000000, 0x0000000086a80000, 0x00000000d5580000)
  object space 109056K, 17% used [0x0000000080000000,0x00000000812daf00,0x0000000086a80000)
 Metaspace       used 41256K, capacity 42020K, committed 42496K, reserved 1085440K
  class space    used 5580K, capacity 5816K, committed 5888K, reserved 1048576K
Event: 12.347 GC heap after
Heap after GC invocations=10 (full 2):
 PSYoungGen      total 130560K, used 8554K [0x00000000d5580000, 0x00000000de480000, 0x0000000100000000)
  eden space 117760K, 0% used [0x00000000d5580000,0x00000000d5580000,0x00000000dc880000)
  from space 12800K, 66% used [0x00000000dd480000,0x00000000ddcda970,0x00000000de100000)
  to   space 12288K, 0% used [0x00000000dc880000,0x00000000dc880000,0x00000000dd480000)
 ParOldGen       total 109056K, used 19315K [0x0000000080000000, 0x0000000086a80000, 0x00000000d5580000)
  object space 109056K, 17% used [0x0000000080000000,0x00000000812dcf00,0x0000000086a80000)
 Metaspace       used 41256K, capacity 42020K, committed 42496K, reserved 1085440K
  class space    used 5580K, capacity 5816K, committed 5888K, reserved 1048576K
}
Event: 15.146 GC heap before
{Heap before GC invocations=11 (full 2):
 PSYoungGen      total 130560K, used 126314K [0x00000000d5580000, 0x00000000de480000, 0x0000000100000000)
  eden space 117760K, 100% used [0x00000000d5580000,0x00000000dc880000,0x00000000dc880000)
  from space 12800K, 66% used [0x00000000dd480000,0x00000000ddcda970,0x00000000de100000)
  to   space 12288K, 0% used [0x00000000dc880000,0x00000000dc880000,0x00000000dd480000)
 ParOldGen       total 109056K, used 19315K [0x0000000080000000, 0x0000000086a80000, 0x00000000d5580000)
  object space 109056K, 17% used [0x0000000080000000,0x00000000812dcf00,0x0000000086a80000)
 Metaspace       used 41694K, capacity 42448K, committed 42752K, reserved 1085440K
  class space    used 5596K, capacity 5822K, committed 5888K, reserved 1048576K
Event: 15.156 GC heap after
Heap after GC invocations=11 (full 2):
 PSYoungGen      total 130048K, used 9998K [0x00000000d5580000, 0x00000000de480000, 0x0000000100000000)
  eden space 117760K, 0% used [0x00000000d5580000,0x00000000d5580000,0x00000000dc880000)
  from space 12288K, 81% used [0x00000000dc880000,0x00000000dd243a08,0x00000000dd480000)
  to   space 12800K, 0% used [0x00000000dd480000,0x00000000dd480000,0x00000000de100000)
 ParOldGen       total 109056K, used 19387K [0x0000000080000000, 0x0000000086a80000, 0x00000000d5580000)
  object space 109056K, 17% used [0x0000000080000000,0x00000000812eef10,0x0000000086a80000)
 Metaspace       used 41694K, capacity 42448K, committed 42752K, reserved 1085440K
  class space    used 5596K, capacity 5822K, committed 5888K, reserved 1048576K
}

