# JRE version: Java(TM) SE Runtime Environment (8.0_72-b15) (build 1.8.0_72-b15)
# Java VM: Java HotSpot(TM) 64-Bit Server VM (25.72-b15 mixed mode windows-amd64 compressed oops)
Heap:
 PSYoungGen      total 182784K, used 46204K [0x00000000d5580000, 0x00000000e4880000, 0x0000000100000000)
  eden space 154112K, 29% used [0x00000000d5580000,0x00000000d829f2c8,0x00000000dec00000)
  from space 28672K, 0% used [0x00000000dec00000,0x00000000dec00000,0x00000000e0800000)
  to   space 27136K, 0% used [0x00000000e2e00000,0x00000000e2e00000,0x00000000e4880000)
 ParOldGen       total 96256K, used 55156K [0x0000000080000000, 0x0000000085e00000, 0x00000000d5580000)
  object space 96256K, 57% used [0x0000000080000000,0x00000000835dd000,0x0000000085e00000)
 Metaspace       used 61620K, capacity 63426K, committed 63744K, reserved 1103872K
  class space    used 8195K, capacity 8625K, committed 8704K, reserved 1048576K
GC Heap History (10 events):
Event: 20.695 GC heap before
{Heap before GC invocations=12 (full 2):
 PSYoungGen      total 148992K, used 148904K [0x00000000d5580000, 0x00000000e1580000, 0x0000000100000000)
  eden space 136704K, 100% used [0x00000000d5580000,0x00000000ddb00000,0x00000000ddb00000)
  from space 12288K, 99% used [0x00000000ddb00000,0x00000000de6ea210,0x00000000de700000)
  to   space 13824K, 0% used [0x00000000e0800000,0x00000000e0800000,0x00000000e1580000)
 ParOldGen       total 96256K, used 18366K [0x0000000080000000, 0x0000000085e00000, 0x00000000d5580000)
  object space 96256K, 19% used [0x0000000080000000,0x00000000811efb00,0x0000000085e00000)
 Metaspace       used 45816K, capacity 46744K, committed 46976K, reserved 1089536K
  class space    used 6199K, capacity 6461K, committed 6528K, reserved 1048576K
Event: 20.711 GC heap after
Heap after GC invocations=12 (full 2):
 PSYoungGen      total 179200K, used 13800K [0x00000000d5580000, 0x00000000e1800000, 0x0000000100000000)
  eden space 165376K, 0% used [0x00000000d5580000,0x00000000d5580000,0x00000000df700000)
  from space 13824K, 99% used [0x00000000e0800000,0x00000000e157a220,0x00000000e1580000)
  to   space 16896K, 0% used [0x00000000df700000,0x00000000df700000,0x00000000e0780000)
 ParOldGen       total 96256K, used 23399K [0x0000000080000000, 0x0000000085e00000, 0x00000000d5580000)
  object space 96256K, 24% used [0x0000000080000000,0x00000000816d9c40,0x0000000085e00000)
 Metaspace       used 45816K, capacity 46744K, committed 46976K, reserved 1089536K
  class space    used 6199K, capacity 6461K, committed 6528K, reserved 1048576K
}
Event: 23.197 GC heap before
{Heap before GC invocations=13 (full 2):
 PSYoungGen      total 179200K, used 179176K [0x00000000d5580000, 0x00000000e1800000, 0x0000000100000000)
  eden space 165376K, 100% used [0x00000000d5580000,0x00000000df700000,0x00000000df700000)
  from space 13824K, 99% used [0x00000000e0800000,0x00000000e157a220,0x00000000e1580000)
  to   space 16896K, 0% used [0x00000000df700000,0x00000000df700000,0x00000000e0780000)
 ParOldGen       total 96256K, used 23399K [0x0000000080000000, 0x0000000085e00000, 0x00000000d5580000)
  object space 96256K, 24% used [0x0000000080000000,0x00000000816d9c40,0x0000000085e00000)
 Metaspace       used 53500K, capacity 54940K, committed 55168K, reserved 1097728K
  class space    used 7159K, capacity 7503K, committed 7552K, reserved 1048576K
Event: 23.222 GC heap after
Heap after GC invocations=13 (full 2):
 PSYoungGen      total 182272K, used 16888K [0x00000000d5580000, 0x00000000e1800000, 0x0000000100000000)
  eden space 165376K, 0% used [0x00000000d5580000,0x00000000d5580000,0x00000000df700000)
  from space 16896K, 99% used [0x00000000df700000,0x00000000e077e250,0x00000000e0780000)
  to   space 13824K, 0% used [0x00000000e0800000,0x00000000e0800000,0x00000000e1580000)
 ParOldGen       total 96256K, used 33764K [0x0000000080000000, 0x0000000085e00000, 0x00000000d5580000)
  object space 96256K, 35% used [0x0000000080000000,0x00000000820f92b0,0x0000000085e00000)
 Metaspace       used 53500K, capacity 54940K, committed 55168K, reserved 1097728K
  class space    used 7159K, capacity 7503K, committed 7552K, reserved 1048576K
}
Event: 39.393 GC heap before
{Heap before GC invocations=14 (full 2):
 PSYoungGen      total 182272K, used 182264K [0x00000000d5580000, 0x00000000e1800000, 0x0000000100000000)
  eden space 165376K, 100% used [0x00000000d5580000,0x00000000df700000,0x00000000df700000)
  from space 16896K, 99% used [0x00000000df700000,0x00000000e077e250,0x00000000e0780000)
  to   space 13824K, 0% used [0x00000000e0800000,0x00000000e0800000,0x00000000e1580000)
 ParOldGen       total 96256K, used 33764K [0x0000000080000000, 0x0000000085e00000, 0x00000000d5580000)
  object space 96256K, 35% used [0x0000000080000000,0x00000000820f92b0,0x0000000085e00000)
 Metaspace       used 57243K, capacity 58790K, committed 59008K, reserved 1099776K
  class space    used 7623K, capacity 8037K, committed 8064K, reserved 1048576K
Event: 39.419 GC heap after
Heap after GC invocations=14 (full 2):
 PSYoungGen      total 167936K, used 13801K [0x00000000d5580000, 0x00000000e4d80000, 0x0000000100000000)
  eden space 154112K, 0% used [0x00000000d5580000,0x00000000d5580000,0x00000000dec00000)
  from space 13824K, 99% used [0x00000000e0800000,0x00000000e157a618,0x00000000e1580000)
  to   space 28672K, 0% used [0x00000000dec00000,0x00000000dec00000,0x00000000e0800000)
 ParOldGen       total 96256K, used 49726K [0x0000000080000000, 0x0000000085e00000, 0x00000000d5580000)
  object space 96256K, 51% used [0x0000000080000000,0x000000008308faf8,0x0000000085e00000)
 Metaspace       used 57243K, capacity 58790K, committed 59008K, reserved 1099776K
  class space    used 7623K, capacity 8037K, committed 8064K, reserved 1048576K
}
Event: 40.088 GC heap before
{Heap before GC invocations=15 (full 2):
 PSYoungGen      total 167936K, used 20481K [0x00000000d5580000, 0x00000000e4d80000, 0x0000000100000000)
  eden space 154112K, 4% used [0x00000000d5580000,0x00000000d5c061a8,0x00000000dec00000)
  from space 13824K, 99% used [0x00000000e0800000,0x00000000e157a618,0x00000000e1580000)
  to   space 28672K, 0% used [0x00000000dec00000,0x00000000dec00000,0x00000000e0800000)
 ParOldGen       total 96256K, used 49726K [0x0000000080000000, 0x0000000085e00000, 0x00000000d5580000)
  object space 96256K, 51% used [0x0000000080000000,0x000000008308faf8,0x0000000085e00000)
 Metaspace       used 57349K, capacity 58962K, committed 59136K, reserved 1099776K
  class space    used 7643K, capacity 8071K, committed 8192K, reserved 1048576K
Event: 40.106 GC heap after
Heap after GC invocations=15 (full 2):
 PSYoungGen      total 182784K, used 13609K [0x00000000d5580000, 0x00000000e4880000, 0x0000000100000000)
  eden space 154112K, 0% used [0x00000000d5580000,0x00000000d5580000,0x00000000dec00000)
  from space 28672K, 47% used [0x00000000dec00000,0x00000000df94a618,0x00000000e0800000)
  to   space 27136K, 0% used [0x00000000e2e00000,0x00000000e2e00000,0x00000000e4880000)
 ParOldGen       total 96256K, used 50582K [0x0000000080000000, 0x0000000085e00000, 0x00000000d5580000)
  object space 96256K, 52% used [0x0000000080000000,0x0000000083165af8,0x0000000085e00000)
 Metaspace       used 57349K, capacity 58962K, committed 59136K, reserved 1099776K
  class space    used 7643K, capacity 8071K, committed 8192K, reserved 1048576K
}
Event: 40.106 GC heap before
{Heap before GC invocations=16 (full 3):
 PSYoungGen      total 182784K, used 13609K [0x00000000d5580000, 0x00000000e4880000, 0x0000000100000000)
  eden space 154112K, 0% used [0x00000000d5580000,0x00000000d5580000,0x00000000dec00000)
  from space 28672K, 47% used [0x00000000dec00000,0x00000000df94a618,0x00000000e0800000)
  to   space 27136K, 0% used [0x00000000e2e00000,0x00000000e2e00000,0x00000000e4880000)
 ParOldGen       total 96256K, used 50582K [0x0000000080000000, 0x0000000085e00000, 0x00000000d5580000)
  object space 96256K, 52% used [0x0000000080000000,0x0000000083165af8,0x0000000085e00000)
 Metaspace       used 57349K, capacity 58962K, committed 59136K, reserved 1099776K
  class space    used 7643K, capacity 8071K, committed 8192K, reserved 1048576K
Event: 40.349 GC heap after
Heap after GC invocations=16 (full 3):
 PSYoungGen      total 182784K, used 0K [0x00000000d5580000, 0x00000000e4880000, 0x0000000100000000)
  eden space 154112K, 0% used [0x00000000d5580000,0x00000000d5580000,0x00000000dec00000)
  from space 28672K, 0% used [0x00000000dec00000,0x00000000dec00000,0x00000000e0800000)
  to   space 27136K, 0% used [0x00000000e2e00000,0x00000000e2e00000,0x00000000e4880000)
 ParOldGen       total 96256K, used 55156K [0x0000000080000000, 0x0000000085e00000, 0x00000000d5580000)
  object space 96256K, 57% used [0x0000000080000000,0x00000000835dd000,0x0000000085e00000)
 Metaspace       used 57253K, capacity 58828K, committed 59136K, reserved 1099776K
  class space    used 7618K, capacity 8026K, committed 8192K, reserved 1048576K
}

