# JRE version: Java(TM) SE Runtime Environment (8.0_72-b15) (build 1.8.0_72-b15)
# Java VM: Java HotSpot(TM) 64-Bit Server VM (25.72-b15 mixed mode windows-amd64 compressed oops)
Heap:
 PSYoungGen      total 237568K, used 60127K [0x00000000d5580000, 0x00000000e7080000, 0x0000000100000000)
  eden space 207872K, 14% used [0x00000000d5580000,0x00000000d73383f8,0x00000000e2080000)
  from space 29696K, 99% used [0x00000000e4480000,0x00000000e617f998,0x00000000e6180000)
  to   space 36864K, 0% used [0x00000000e2080000,0x00000000e2080000,0x00000000e4480000)
 ParOldGen       total 199168K, used 55891K [0x0000000080000000, 0x000000008c280000, 0x00000000d5580000)
  object space 199168K, 28% used [0x0000000080000000,0x0000000083694d40,0x000000008c280000)
 Metaspace       used 66642K, capacity 68102K, committed 68352K, reserved 1107968K
  class space    used 8505K, capacity 8911K, committed 8960K, reserved 1048576K
GC Heap History (10 events):
Event: 9.974 GC heap before
{Heap before GC invocations=11 (full 2):
 PSYoungGen      total 174080K, used 172187K [0x00000000d5580000, 0x00000000e1200000, 0x0000000100000000)
  eden space 160256K, 100% used [0x00000000d5580000,0x00000000df200000,0x00000000df200000)
  from space 13824K, 86% used [0x00000000e0000000,0x00000000e0ba6c90,0x00000000e0d80000)
  to   space 14336K, 0% used [0x00000000df200000,0x00000000df200000,0x00000000e0000000)
 ParOldGen       total 124416K, used 16773K [0x0000000080000000, 0x0000000087980000, 0x00000000d5580000)
  object space 124416K, 13% used [0x0000000080000000,0x00000000810615b8,0x0000000087980000)
 Metaspace       used 48544K, capacity 49694K, committed 49920K, reserved 1091584K
  class space    used 6587K, capacity 6860K, committed 6912K, reserved 1048576K
Event: 10.020 GC heap after
Heap after GC invocations=11 (full 2):
 PSYoungGen      total 174592K, used 14328K [0x00000000d5580000, 0x00000000e3800000, 0x0000000100000000)
  eden space 160256K, 0% used [0x00000000d5580000,0x00000000d5580000,0x00000000df200000)
  from space 14336K, 99% used [0x00000000df200000,0x00000000dfffe060,0x00000000e0000000)
  to   space 19456K, 0% used [0x00000000e2500000,0x00000000e2500000,0x00000000e3800000)
 ParOldGen       total 124416K, used 24526K [0x0000000080000000, 0x0000000087980000, 0x00000000d5580000)
  object space 124416K, 19% used [0x0000000080000000,0x00000000817f3998,0x0000000087980000)
 Metaspace       used 48544K, capacity 49694K, committed 49920K, reserved 1091584K
  class space    used 6587K, capacity 6860K, committed 6912K, reserved 1048576K
}
Event: 32.194 GC heap before
{Heap before GC invocations=12 (full 2):
 PSYoungGen      total 174592K, used 174584K [0x00000000d5580000, 0x00000000e3800000, 0x0000000100000000)
  eden space 160256K, 100% used [0x00000000d5580000,0x00000000df200000,0x00000000df200000)
  from space 14336K, 99% used [0x00000000df200000,0x00000000dfffe060,0x00000000e0000000)
  to   space 19456K, 0% used [0x00000000e2500000,0x00000000e2500000,0x00000000e3800000)
 ParOldGen       total 124416K, used 24526K [0x0000000080000000, 0x0000000087980000, 0x00000000d5580000)
  object space 124416K, 19% used [0x0000000080000000,0x00000000817f3998,0x0000000087980000)
 Metaspace       used 52590K, capacity 53990K, committed 54272K, reserved 1095680K
  class space    used 7061K, capacity 7417K, committed 7424K, reserved 1048576K
Event: 32.224 GC heap after
Heap after GC invocations=12 (full 2):
 PSYoungGen      total 207360K, used 19433K [0x00000000d5580000, 0x00000000e3c00000, 0x0000000100000000)
  eden space 187904K, 0% used [0x00000000d5580000,0x00000000d5580000,0x00000000e0d00000)
  from space 19456K, 99% used [0x00000000e2500000,0x00000000e37fa5f0,0x00000000e3800000)
  to   space 24064K, 0% used [0x00000000e0d00000,0x00000000e0d00000,0x00000000e2480000)
 ParOldGen       total 124416K, used 31242K [0x0000000080000000, 0x0000000087980000, 0x00000000d5580000)
  object space 124416K, 25% used [0x0000000080000000,0x0000000081e82810,0x0000000087980000)
 Metaspace       used 52590K, capacity 53990K, committed 54272K, reserved 1095680K
  class space    used 7061K, capacity 7417K, committed 7424K, reserved 1048576K
}
Event: 46.354 GC heap before
{Heap before GC invocations=13 (full 2):
 PSYoungGen      total 207360K, used 205219K [0x00000000d5580000, 0x00000000e3c00000, 0x0000000100000000)
  eden space 187904K, 98% used [0x00000000d5580000,0x00000000e0aee8f0,0x00000000e0d00000)
  from space 19456K, 99% used [0x00000000e2500000,0x00000000e37fa5f0,0x00000000e3800000)
  to   space 24064K, 0% used [0x00000000e0d00000,0x00000000e0d00000,0x00000000e2480000)
 ParOldGen       total 124416K, used 31242K [0x0000000080000000, 0x0000000087980000, 0x00000000d5580000)
  object space 124416K, 25% used [0x0000000080000000,0x0000000081e82810,0x0000000087980000)
 Metaspace       used 57436K, capacity 58910K, committed 59136K, reserved 1099776K
  class space    used 7696K, capacity 8083K, committed 8192K, reserved 1048576K
Event: 46.384 GC heap after
Heap after GC invocations=13 (full 2):
 PSYoungGen      total 211968K, used 24046K [0x00000000d5580000, 0x00000000e6180000, 0x0000000100000000)
  eden space 187904K, 0% used [0x00000000d5580000,0x00000000d5580000,0x00000000e0d00000)
  from space 24064K, 99% used [0x00000000e0d00000,0x00000000e247b908,0x00000000e2480000)
  to   space 29696K, 0% used [0x00000000e4480000,0x00000000e4480000,0x00000000e6180000)
 ParOldGen       total 124416K, used 37419K [0x0000000080000000, 0x0000000087980000, 0x00000000d5580000)
  object space 124416K, 30% used [0x0000000080000000,0x000000008248ad60,0x0000000087980000)
 Metaspace       used 57436K, capacity 58910K, committed 59136K, reserved 1099776K
  class space    used 7696K, capacity 8083K, committed 8192K, reserved 1048576K
}
Event: 46.384 GC heap before
{Heap before GC invocations=14 (full 3):
 PSYoungGen      total 211968K, used 24046K [0x00000000d5580000, 0x00000000e6180000, 0x0000000100000000)
  eden space 187904K, 0% used [0x00000000d5580000,0x00000000d5580000,0x00000000e0d00000)
  from space 24064K, 99% used [0x00000000e0d00000,0x00000000e247b908,0x00000000e2480000)
  to   space 29696K, 0% used [0x00000000e4480000,0x00000000e4480000,0x00000000e6180000)
 ParOldGen       total 124416K, used 37419K [0x0000000080000000, 0x0000000087980000, 0x00000000d5580000)
  object space 124416K, 30% used [0x0000000080000000,0x000000008248ad60,0x0000000087980000)
 Metaspace       used 57436K, capacity 58910K, committed 59136K, reserved 1099776K
  class space    used 7696K, capacity 8083K, committed 8192K, reserved 1048576K
Event: 46.656 GC heap after
Heap after GC invocations=14 (full 3):
 PSYoungGen      total 211968K, used 0K [0x00000000d5580000, 0x00000000e6180000, 0x0000000100000000)
  eden space 187904K, 0% used [0x00000000d5580000,0x00000000d5580000,0x00000000e0d00000)
  from space 24064K, 0% used [0x00000000e0d00000,0x00000000e0d00000,0x00000000e2480000)
  to   space 29696K, 0% used [0x00000000e4480000,0x00000000e4480000,0x00000000e6180000)
 ParOldGen       total 199168K, used 48413K [0x0000000080000000, 0x000000008c280000, 0x00000000d5580000)
  object space 199168K, 24% used [0x0000000080000000,0x0000000082f47788,0x000000008c280000)
 Metaspace       used 57427K, capacity 58880K, committed 59136K, reserved 1099776K
  class space    used 7693K, capacity 8078K, committed 8192K, reserved 1048576K
}
Event: 75.079 GC heap before
{Heap before GC invocations=15 (full 3):
 PSYoungGen      total 211968K, used 187904K [0x00000000d5580000, 0x00000000e6180000, 0x0000000100000000)
  eden space 187904K, 100% used [0x00000000d5580000,0x00000000e0d00000,0x00000000e0d00000)
  from space 24064K, 0% used [0x00000000e0d00000,0x00000000e0d00000,0x00000000e2480000)
  to   space 29696K, 0% used [0x00000000e4480000,0x00000000e4480000,0x00000000e6180000)
 ParOldGen       total 199168K, used 48413K [0x0000000080000000, 0x000000008c280000, 0x00000000d5580000)
  object space 199168K, 24% used [0x0000000080000000,0x0000000082f47788,0x000000008c280000)
 Metaspace       used 62988K, capacity 64454K, committed 64768K, reserved 1105920K
  class space    used 8196K, capacity 8591K, committed 8704K, reserved 1048576K
Event: 75.113 GC heap after
Heap after GC invocations=15 (full 3):
 PSYoungGen      total 237568K, used 29694K [0x00000000d5580000, 0x00000000e7080000, 0x0000000100000000)
  eden space 207872K, 0% used [0x00000000d5580000,0x00000000d5580000,0x00000000e2080000)
  from space 29696K, 99% used [0x00000000e4480000,0x00000000e617f998,0x00000000e6180000)
  to   space 36864K, 0% used [0x00000000e2080000,0x00000000e2080000,0x00000000e4480000)
 ParOldGen       total 199168K, used 55891K [0x0000000080000000, 0x000000008c280000, 0x00000000d5580000)
  object space 199168K, 28% used [0x0000000080000000,0x0000000083694d40,0x000000008c280000)
 Metaspace       used 62988K, capacity 64454K, committed 64768K, reserved 1105920K
  class space    used 8196K, capacity 8591K, committed 8704K, reserved 1048576K
}

