# JRE version: Java(TM) SE Runtime Environment (8.0_72-b15) (build 1.8.0_72-b15)
# Java VM: Java HotSpot(TM) 64-Bit Server VM (25.72-b15 mixed mode windows-amd64 compressed oops)
Heap:
 PSYoungGen      total 242688K, used 39962K [0x00000000d5580000, 0x00000000e8c00000, 0x0000000100000000)
  eden space 210944K, 10% used [0x00000000d5580000,0x00000000d6ad2ad8,0x00000000e2380000)
  from space 31744K, 57% used [0x00000000e2380000,0x00000000e35340c8,0x00000000e4280000)
  to   space 31232K, 0% used [0x00000000e6d80000,0x00000000e6d80000,0x00000000e8c00000)
 ParOldGen       total 102912K, used 44698K [0x0000000080000000, 0x0000000086480000, 0x00000000d5580000)
  object space 102912K, 43% used [0x0000000080000000,0x0000000082ba6b08,0x0000000086480000)
 Metaspace       used 67307K, capacity 69312K, committed 69504K, reserved 1110016K
  class space    used 8555K, capacity 8973K, committed 9088K, reserved 1048576K
GC Heap History (10 events):
Event: 24.945 GC heap before
{Heap before GC invocations=15 (full 2):
 PSYoungGen      total 190976K, used 56988K [0x00000000d5580000, 0x00000000e3c00000, 0x0000000100000000)
  eden space 169984K, 21% used [0x00000000d5580000,0x00000000d78a8cd8,0x00000000dfb80000)
  from space 20992K, 99% used [0x00000000e1880000,0x00000000e2cfe620,0x00000000e2d00000)
  to   space 29696K, 0% used [0x00000000dfb80000,0x00000000dfb80000,0x00000000e1880000)
 ParOldGen       total 102912K, used 48941K [0x0000000080000000, 0x0000000086480000, 0x00000000d5580000)
  object space 102912K, 47% used [0x0000000080000000,0x0000000082fcb468,0x0000000086480000)
 Metaspace       used 57576K, capacity 59126K, committed 59160K, reserved 1101824K
  class space    used 7431K, capacity 7806K, committed 7808K, reserved 1048576K
Event: 24.980 GC heap after
Heap after GC invocations=15 (full 2):
 PSYoungGen      total 199680K, used 28490K [0x00000000d5580000, 0x00000000e6300000, 0x0000000100000000)
  eden space 169984K, 0% used [0x00000000d5580000,0x00000000d5580000,0x00000000dfb80000)
  from space 29696K, 95% used [0x00000000dfb80000,0x00000000e1752840,0x00000000e1880000)
  to   space 33280K, 0% used [0x00000000e4280000,0x00000000e4280000,0x00000000e6300000)
 ParOldGen       total 102912K, used 50773K [0x0000000080000000, 0x0000000086480000, 0x00000000d5580000)
  object space 102912K, 49% used [0x0000000080000000,0x0000000083195468,0x0000000086480000)
 Metaspace       used 57576K, capacity 59126K, committed 59160K, reserved 1101824K
  class space    used 7431K, capacity 7806K, committed 7808K, reserved 1048576K
}
Event: 24.980 GC heap before
{Heap before GC invocations=16 (full 3):
 PSYoungGen      total 199680K, used 28490K [0x00000000d5580000, 0x00000000e6300000, 0x0000000100000000)
  eden space 169984K, 0% used [0x00000000d5580000,0x00000000d5580000,0x00000000dfb80000)
  from space 29696K, 95% used [0x00000000dfb80000,0x00000000e1752840,0x00000000e1880000)
  to   space 33280K, 0% used [0x00000000e4280000,0x00000000e4280000,0x00000000e6300000)
 ParOldGen       total 102912K, used 50773K [0x0000000080000000, 0x0000000086480000, 0x00000000d5580000)
  object space 102912K, 49% used [0x0000000080000000,0x0000000083195468,0x0000000086480000)
 Metaspace       used 57576K, capacity 59126K, committed 59160K, reserved 1101824K
  class space    used 7431K, capacity 7806K, committed 7808K, reserved 1048576K
Event: 25.274 GC heap after
Heap after GC invocations=16 (full 3):
 PSYoungGen      total 199680K, used 0K [0x00000000d5580000, 0x00000000e6300000, 0x0000000100000000)
  eden space 169984K, 0% used [0x00000000d5580000,0x00000000d5580000,0x00000000dfb80000)
  from space 29696K, 0% used [0x00000000dfb80000,0x00000000dfb80000,0x00000000e1880000)
  to   space 33280K, 0% used [0x00000000e4280000,0x00000000e4280000,0x00000000e6300000)
 ParOldGen       total 102912K, used 70793K [0x0000000080000000, 0x0000000086480000, 0x00000000d5580000)
  object space 102912K, 68% used [0x0000000080000000,0x0000000084522548,0x0000000086480000)
 Metaspace       used 57576K, capacity 59126K, committed 59160K, reserved 1101824K
  class space    used 7431K, capacity 7806K, committed 7808K, reserved 1048576K
}
Event: 30.967 GC heap before
{Heap before GC invocations=17 (full 3):
 PSYoungGen      total 199680K, used 115533K [0x00000000d5580000, 0x00000000e6300000, 0x0000000100000000)
  eden space 169984K, 67% used [0x00000000d5580000,0x00000000dc6534e0,0x00000000dfb80000)
  from space 29696K, 0% used [0x00000000dfb80000,0x00000000dfb80000,0x00000000e1880000)
  to   space 33280K, 0% used [0x00000000e4280000,0x00000000e4280000,0x00000000e6300000)
 ParOldGen       total 102912K, used 70793K [0x0000000080000000, 0x0000000086480000, 0x00000000d5580000)
  object space 102912K, 68% used [0x0000000080000000,0x0000000084522548,0x0000000086480000)
 Metaspace       used 64550K, capacity 66290K, committed 66560K, reserved 1107968K
  class space    used 8218K, capacity 8598K, committed 8704K, reserved 1048576K
Event: 30.990 GC heap after
Heap after GC invocations=17 (full 3):
 PSYoungGen      total 244224K, used 14573K [0x00000000d5580000, 0x00000000e6300000, 0x0000000100000000)
  eden space 210944K, 0% used [0x00000000d5580000,0x00000000d5580000,0x00000000e2380000)
  from space 33280K, 43% used [0x00000000e4280000,0x00000000e50bb568,0x00000000e6300000)
  to   space 31744K, 0% used [0x00000000e2380000,0x00000000e2380000,0x00000000e4280000)
 ParOldGen       total 102912K, used 70801K [0x0000000080000000, 0x0000000086480000, 0x00000000d5580000)
  object space 102912K, 68% used [0x0000000080000000,0x0000000084524548,0x0000000086480000)
 Metaspace       used 64550K, capacity 66290K, committed 66560K, reserved 1107968K
  class space    used 8218K, capacity 8598K, committed 8704K, reserved 1048576K
}
Event: 30.990 GC heap before
{Heap before GC invocations=18 (full 4):
 PSYoungGen      total 244224K, used 14573K [0x00000000d5580000, 0x00000000e6300000, 0x0000000100000000)
  eden space 210944K, 0% used [0x00000000d5580000,0x00000000d5580000,0x00000000e2380000)
  from space 33280K, 43% used [0x00000000e4280000,0x00000000e50bb568,0x00000000e6300000)
  to   space 31744K, 0% used [0x00000000e2380000,0x00000000e2380000,0x00000000e4280000)
 ParOldGen       total 102912K, used 70801K [0x0000000080000000, 0x0000000086480000, 0x00000000d5580000)
  object space 102912K, 68% used [0x0000000080000000,0x0000000084524548,0x0000000086480000)
 Metaspace       used 64550K, capacity 66290K, committed 66560K, reserved 1107968K
  class space    used 8218K, capacity 8598K, committed 8704K, reserved 1048576K
Event: 31.204 GC heap after
Heap after GC invocations=18 (full 4):
 PSYoungGen      total 244224K, used 0K [0x00000000d5580000, 0x00000000e6300000, 0x0000000100000000)
  eden space 210944K, 0% used [0x00000000d5580000,0x00000000d5580000,0x00000000e2380000)
  from space 33280K, 0% used [0x00000000e4280000,0x00000000e4280000,0x00000000e6300000)
  to   space 31744K, 0% used [0x00000000e2380000,0x00000000e2380000,0x00000000e4280000)
 ParOldGen       total 102912K, used 44690K [0x0000000080000000, 0x0000000086480000, 0x00000000d5580000)
  object space 102912K, 43% used [0x0000000080000000,0x0000000082ba4b08,0x0000000086480000)
 Metaspace       used 64550K, capacity 66290K, committed 66560K, reserved 1107968K
  class space    used 8218K, capacity 8598K, committed 8704K, reserved 1048576K
}
Event: 65.163 GC heap before
{Heap before GC invocations=19 (full 4):
 PSYoungGen      total 244224K, used 210944K [0x00000000d5580000, 0x00000000e6300000, 0x0000000100000000)
  eden space 210944K, 100% used [0x00000000d5580000,0x00000000e2380000,0x00000000e2380000)
  from space 33280K, 0% used [0x00000000e4280000,0x00000000e4280000,0x00000000e6300000)
  to   space 31744K, 0% used [0x00000000e2380000,0x00000000e2380000,0x00000000e4280000)
 ParOldGen       total 102912K, used 44690K [0x0000000080000000, 0x0000000086480000, 0x00000000d5580000)
  object space 102912K, 43% used [0x0000000080000000,0x0000000082ba4b08,0x0000000086480000)
 Metaspace       used 65484K, capacity 67428K, committed 67712K, reserved 1107968K
  class space    used 8304K, capacity 8705K, committed 8832K, reserved 1048576K
Event: 65.193 GC heap after
Heap after GC invocations=19 (full 4):
 PSYoungGen      total 242688K, used 18128K [0x00000000d5580000, 0x00000000e8c00000, 0x0000000100000000)
  eden space 210944K, 0% used [0x00000000d5580000,0x00000000d5580000,0x00000000e2380000)
  from space 31744K, 57% used [0x00000000e2380000,0x00000000e35340c8,0x00000000e4280000)
  to   space 31232K, 0% used [0x00000000e6d80000,0x00000000e6d80000,0x00000000e8c00000)
 ParOldGen       total 102912K, used 44698K [0x0000000080000000, 0x0000000086480000, 0x00000000d5580000)
  object space 102912K, 43% used [0x0000000080000000,0x0000000082ba6b08,0x0000000086480000)
 Metaspace       used 65484K, capacity 67428K, committed 67712K, reserved 1107968K
  class space    used 8304K, capacity 8705K, committed 8832K, reserved 1048576K
}

