# JRE version: Java(TM) SE Runtime Environment (8.0_72-b15) (build 1.8.0_72-b15)
# Java VM: Java HotSpot(TM) 64-Bit Server VM (25.72-b15 mixed mode windows-amd64 compressed oops)
Heap:
 PSYoungGen      total 186368K, used 60027K [0x00000000d5580000, 0x00000000e1a80000, 0x0000000100000000)
  eden space 172544K, 26% used [0x00000000d5580000,0x00000000d82a6708,0x00000000dfe00000)
  from space 13824K, 99% used [0x00000000dfe00000,0x00000000e0b786c8,0x00000000e0b80000)
  to   space 13312K, 0% used [0x00000000e0b80000,0x00000000e0b80000,0x00000000e1880000)
 ParOldGen       total 116736K, used 28081K [0x0000000080000000, 0x0000000087200000, 0x00000000d5580000)
  object space 116736K, 24% used [0x0000000080000000,0x0000000081b6c700,0x0000000087200000)
 Metaspace       used 52499K, capacity 54002K, committed 54016K, reserved 1095680K
  class space    used 7021K, capacity 7414K, committed 7424K, reserved 1048576K
GC Heap History (10 events):
Event: 19.394 GC heap before
{Heap before GC invocations=7 (full 1):
 PSYoungGen      total 120832K, used 59105K [0x00000000d5580000, 0x00000000de080000, 0x0000000100000000)
  eden space 115712K, 46% used [0x00000000d5580000,0x00000000d8a3b5d0,0x00000000dc680000)
  from space 5120K, 99% used [0x00000000dd780000,0x00000000ddc7d020,0x00000000ddc80000)
  to   space 4096K, 0% used [0x00000000ddc80000,0x00000000ddc80000,0x00000000de080000)
 ParOldGen       total 74752K, used 19398K [0x0000000080000000, 0x0000000084900000, 0x00000000d5580000)
  object space 74752K, 25% used [0x0000000080000000,0x00000000812f1b08,0x0000000084900000)
 Metaspace       used 34810K, capacity 35272K, committed 35496K, reserved 1079296K
  class space    used 4707K, capacity 4837K, committed 4864K, reserved 1048576K
Event: 19.406 GC heap after
Heap after GC invocations=7 (full 1):
 PSYoungGen      total 129024K, used 4071K [0x00000000d5580000, 0x00000000e0600000, 0x0000000100000000)
  eden space 124928K, 0% used [0x00000000d5580000,0x00000000d5580000,0x00000000dcf80000)
  from space 4096K, 99% used [0x00000000ddc80000,0x00000000de079cb0,0x00000000de080000)
  to   space 13312K, 0% used [0x00000000dcf80000,0x00000000dcf80000,0x00000000ddc80000)
 ParOldGen       total 74752K, used 25467K [0x0000000080000000, 0x0000000084900000, 0x00000000d5580000)
  object space 74752K, 34% used [0x0000000080000000,0x00000000818defc0,0x0000000084900000)
 Metaspace       used 34810K, capacity 35272K, committed 35496K, reserved 1079296K
  class space    used 4707K, capacity 4837K, committed 4864K, reserved 1048576K
}
Event: 19.406 GC heap before
{Heap before GC invocations=8 (full 2):
 PSYoungGen      total 129024K, used 4071K [0x00000000d5580000, 0x00000000e0600000, 0x0000000100000000)
  eden space 124928K, 0% used [0x00000000d5580000,0x00000000d5580000,0x00000000dcf80000)
  from space 4096K, 99% used [0x00000000ddc80000,0x00000000de079cb0,0x00000000de080000)
  to   space 13312K, 0% used [0x00000000dcf80000,0x00000000dcf80000,0x00000000ddc80000)
 ParOldGen       total 74752K, used 25467K [0x0000000080000000, 0x0000000084900000, 0x00000000d5580000)
  object space 74752K, 34% used [0x0000000080000000,0x00000000818defc0,0x0000000084900000)
 Metaspace       used 34810K, capacity 35272K, committed 35496K, reserved 1079296K
  class space    used 4707K, capacity 4837K, committed 4864K, reserved 1048576K
Event: 19.507 GC heap after
Heap after GC invocations=8 (full 2):
 PSYoungGen      total 129024K, used 0K [0x00000000d5580000, 0x00000000e0600000, 0x0000000100000000)
  eden space 124928K, 0% used [0x00000000d5580000,0x00000000d5580000,0x00000000dcf80000)
  from space 4096K, 0% used [0x00000000ddc80000,0x00000000ddc80000,0x00000000de080000)
  to   space 13312K, 0% used [0x00000000dcf80000,0x00000000dcf80000,0x00000000ddc80000)
 ParOldGen       total 116736K, used 20658K [0x0000000080000000, 0x0000000087200000, 0x00000000d5580000)
  object space 116736K, 17% used [0x0000000080000000,0x000000008142c860,0x0000000087200000)
 Metaspace       used 34810K, capacity 35272K, committed 35496K, reserved 1079296K
  class space    used 4707K, capacity 4837K, committed 4864K, reserved 1048576K
}
Event: 22.508 GC heap before
{Heap before GC invocations=9 (full 2):
 PSYoungGen      total 129024K, used 124928K [0x00000000d5580000, 0x00000000e0600000, 0x0000000100000000)
  eden space 124928K, 100% used [0x00000000d5580000,0x00000000dcf80000,0x00000000dcf80000)
  from space 4096K, 0% used [0x00000000ddc80000,0x00000000ddc80000,0x00000000de080000)
  to   space 13312K, 0% used [0x00000000dcf80000,0x00000000dcf80000,0x00000000ddc80000)
 ParOldGen       total 116736K, used 20658K [0x0000000080000000, 0x0000000087200000, 0x00000000d5580000)
  object space 116736K, 17% used [0x0000000080000000,0x000000008142c860,0x0000000087200000)
 Metaspace       used 41451K, capacity 42224K, committed 42496K, reserved 1085440K
  class space    used 5582K, capacity 5818K, committed 5888K, reserved 1048576K
Event: 22.520 GC heap after
Heap after GC invocations=9 (full 2):
 PSYoungGen      total 138240K, used 9715K [0x00000000d5580000, 0x00000000e1880000, 0x0000000100000000)
  eden space 124928K, 0% used [0x00000000d5580000,0x00000000d5580000,0x00000000dcf80000)
  from space 13312K, 72% used [0x00000000dcf80000,0x00000000dd8fced0,0x00000000ddc80000)
  to   space 13312K, 0% used [0x00000000e0b80000,0x00000000e0b80000,0x00000000e1880000)
 ParOldGen       total 116736K, used 20666K [0x0000000080000000, 0x0000000087200000, 0x00000000d5580000)
  object space 116736K, 17% used [0x0000000080000000,0x000000008142e860,0x0000000087200000)
 Metaspace       used 41451K, capacity 42224K, committed 42496K, reserved 1085440K
  class space    used 5582K, capacity 5818K, committed 5888K, reserved 1048576K
}
Event: 23.435 GC heap before
{Heap before GC invocations=10 (full 2):
 PSYoungGen      total 138240K, used 134643K [0x00000000d5580000, 0x00000000e1880000, 0x0000000100000000)
  eden space 124928K, 100% used [0x00000000d5580000,0x00000000dcf80000,0x00000000dcf80000)
  from space 13312K, 72% used [0x00000000dcf80000,0x00000000dd8fced0,0x00000000ddc80000)
  to   space 13312K, 0% used [0x00000000e0b80000,0x00000000e0b80000,0x00000000e1880000)
 ParOldGen       total 116736K, used 20666K [0x0000000080000000, 0x0000000087200000, 0x00000000d5580000)
  object space 116736K, 17% used [0x0000000080000000,0x000000008142e860,0x0000000087200000)
 Metaspace       used 41748K, capacity 42512K, committed 42752K, reserved 1085440K
  class space    used 5597K, capacity 5822K, committed 5888K, reserved 1048576K
Event: 23.443 GC heap after
Heap after GC invocations=10 (full 2):
 PSYoungGen      total 185856K, used 10393K [0x00000000d5580000, 0x00000000e1a80000, 0x0000000100000000)
  eden space 172544K, 0% used [0x00000000d5580000,0x00000000d5580000,0x00000000dfe00000)
  from space 13312K, 78% used [0x00000000e0b80000,0x00000000e15a65f8,0x00000000e1880000)
  to   space 13824K, 0% used [0x00000000dfe00000,0x00000000dfe00000,0x00000000e0b80000)
 ParOldGen       total 116736K, used 20738K [0x0000000080000000, 0x0000000087200000, 0x00000000d5580000)
  object space 116736K, 17% used [0x0000000080000000,0x0000000081440870,0x0000000087200000)
 Metaspace       used 41748K, capacity 42512K, committed 42752K, reserved 1085440K
  class space    used 5597K, capacity 5822K, committed 5888K, reserved 1048576K
}
Event: 28.564 GC heap before
{Heap before GC invocations=11 (full 2):
 PSYoungGen      total 185856K, used 182937K [0x00000000d5580000, 0x00000000e1a80000, 0x0000000100000000)
  eden space 172544K, 100% used [0x00000000d5580000,0x00000000dfe00000,0x00000000dfe00000)
  from space 13312K, 78% used [0x00000000e0b80000,0x00000000e15a65f8,0x00000000e1880000)
  to   space 13824K, 0% used [0x00000000dfe00000,0x00000000dfe00000,0x00000000e0b80000)
 ParOldGen       total 116736K, used 20738K [0x0000000080000000, 0x0000000087200000, 0x00000000d5580000)
  object space 116736K, 17% used [0x0000000080000000,0x0000000081440870,0x0000000087200000)
 Metaspace       used 51559K, capacity 52836K, committed 53120K, reserved 1095680K
  class space    used 6897K, capacity 7262K, committed 7296K, reserved 1048576K
Event: 28.582 GC heap after
Heap after GC invocations=11 (full 2):
 PSYoungGen      total 186368K, used 13793K [0x00000000d5580000, 0x00000000e1a80000, 0x0000000100000000)
  eden space 172544K, 0% used [0x00000000d5580000,0x00000000d5580000,0x00000000dfe00000)
  from space 13824K, 99% used [0x00000000dfe00000,0x00000000e0b786c8,0x00000000e0b80000)
  to   space 13312K, 0% used [0x00000000e0b80000,0x00000000e0b80000,0x00000000e1880000)
 ParOldGen       total 116736K, used 28081K [0x0000000080000000, 0x0000000087200000, 0x00000000d5580000)
  object space 116736K, 24% used [0x0000000080000000,0x0000000081b6c700,0x0000000087200000)
 Metaspace       used 51559K, capacity 52836K, committed 53120K, reserved 1095680K
  class space    used 6897K, capacity 7262K, committed 7296K, reserved 1048576K
}

