# JRE version: Java(TM) SE Runtime Environment (8.0_72-b15) (build 1.8.0_72-b15)
# Java VM: Java HotSpot(TM) 64-Bit Server VM (25.72-b15 mixed mode windows-amd64 compressed oops)
Heap:
 PSYoungGen      total 28672K, used 18969K [0x00000000d5c00000, 0x00000000d8600000, 0x0000000100000000)
  eden space 17408K, 61% used [0x00000000d5c00000,0x00000000d667dcb0,0x00000000d6d00000)
  from space 11264K, 73% used [0x00000000d7b00000,0x00000000d8308b40,0x00000000d8600000)
  to   space 10752K, 0% used [0x00000000d6d00000,0x00000000d6d00000,0x00000000d7780000)
 ParOldGen       total 23040K, used 14170K [0x0000000081400000, 0x0000000082a80000, 0x00000000d5c00000)
  object space 23040K, 61% used [0x0000000081400000,0x00000000821d6a30,0x0000000082a80000)
 Metaspace       used 18001K, capacity 18372K, committed 18560K, reserved 1064960K
  class space    used 1992K, capacity 2094K, committed 2176K, reserved 1048576K
GC Heap History (10 events):
Event: 3.167 GC heap before
{Heap before GC invocations=14 (full 2):
 PSYoungGen      total 23552K, used 6342K [0x00000000d5c00000, 0x00000000d7e00000, 0x0000000100000000)
  eden space 15872K, 0% used [0x00000000d5c00000,0x00000000d5c00000,0x00000000d6b80000)
  from space 7680K, 82% used [0x00000000d7380000,0x00000000d79b1a80,0x00000000d7b00000)
  to   space 8192K, 0% used [0x00000000d6b80000,0x00000000d6b80000,0x00000000d7380000)
 ParOldGen       total 14336K, used 13878K [0x0000000081400000, 0x0000000082200000, 0x00000000d5c00000)
  object space 14336K, 96% used [0x0000000081400000,0x000000008218dbe8,0x0000000082200000)
 Metaspace       used 9471K, capacity 9600K, committed 9856K, reserved 1058816K
  class space    used 1065K, capacity 1076K, committed 1152K, reserved 1048576K
Event: 3.265 GC heap after
Heap after GC invocations=14 (full 2):
 PSYoungGen      total 23552K, used 4157K [0x00000000d5c00000, 0x00000000d7e00000, 0x0000000100000000)
  eden space 15872K, 0% used [0x00000000d5c00000,0x00000000d5c00000,0x00000000d6b80000)
  from space 7680K, 54% used [0x00000000d7380000,0x00000000d778f488,0x00000000d7b00000)
  to   space 8192K, 0% used [0x00000000d6b80000,0x00000000d6b80000,0x00000000d7380000)
 ParOldGen       total 23040K, used 14066K [0x0000000081400000, 0x0000000082a80000, 0x00000000d5c00000)
  object space 23040K, 61% used [0x0000000081400000,0x00000000821bca20,0x0000000082a80000)
 Metaspace       used 9471K, capacity 9600K, committed 9856K, reserved 1058816K
  class space    used 1065K, capacity 1076K, committed 1152K, reserved 1048576K
}
Event: 6.442 GC heap before
{Heap before GC invocations=15 (full 2):
 PSYoungGen      total 23552K, used 20029K [0x00000000d5c00000, 0x00000000d7e00000, 0x0000000100000000)
  eden space 15872K, 100% used [0x00000000d5c00000,0x00000000d6b80000,0x00000000d6b80000)
  from space 7680K, 54% used [0x00000000d7380000,0x00000000d778f488,0x00000000d7b00000)
  to   space 8192K, 0% used [0x00000000d6b80000,0x00000000d6b80000,0x00000000d7380000)
 ParOldGen       total 23040K, used 14066K [0x0000000081400000, 0x0000000082a80000, 0x00000000d5c00000)
  object space 23040K, 61% used [0x0000000081400000,0x00000000821bca20,0x0000000082a80000)
 Metaspace       used 14559K, capacity 14848K, committed 15104K, reserved 1062912K
  class space    used 1617K, capacity 1704K, committed 1792K, reserved 1048576K
Event: 6.465 GC heap after
Heap after GC invocations=15 (full 2):
 PSYoungGen      total 24064K, used 7726K [0x00000000d5c00000, 0x00000000d8100000, 0x0000000100000000)
  eden space 15872K, 0% used [0x00000000d5c00000,0x00000000d5c00000,0x00000000d6b80000)
  from space 8192K, 94% used [0x00000000d6b80000,0x00000000d730bae0,0x00000000d7380000)
  to   space 9728K, 0% used [0x00000000d7780000,0x00000000d7780000,0x00000000d8100000)
 ParOldGen       total 23040K, used 14082K [0x0000000081400000, 0x0000000082a80000, 0x00000000d5c00000)
  object space 23040K, 61% used [0x0000000081400000,0x00000000821c0a20,0x0000000082a80000)
 Metaspace       used 14559K, capacity 14848K, committed 15104K, reserved 1062912K
  class space    used 1617K, capacity 1704K, committed 1792K, reserved 1048576K
}
Event: 7.206 GC heap before
{Heap before GC invocations=16 (full 2):
 PSYoungGen      total 24064K, used 23598K [0x00000000d5c00000, 0x00000000d8100000, 0x0000000100000000)
  eden space 15872K, 100% used [0x00000000d5c00000,0x00000000d6b80000,0x00000000d6b80000)
  from space 8192K, 94% used [0x00000000d6b80000,0x00000000d730bae0,0x00000000d7380000)
  to   space 9728K, 0% used [0x00000000d7780000,0x00000000d7780000,0x00000000d8100000)
 ParOldGen       total 23040K, used 14082K [0x0000000081400000, 0x0000000082a80000, 0x00000000d5c00000)
  object space 23040K, 61% used [0x0000000081400000,0x00000000821c0a20,0x0000000082a80000)
 Metaspace       used 17537K, capacity 17816K, committed 17920K, reserved 1064960K
  class space    used 1961K, capacity 2028K, committed 2048K, reserved 1048576K
Event: 7.214 GC heap after
Heap after GC invocations=16 (full 2):
 PSYoungGen      total 27136K, used 7565K [0x00000000d5c00000, 0x00000000d8280000, 0x0000000100000000)
  eden space 17408K, 0% used [0x00000000d5c00000,0x00000000d5c00000,0x00000000d6d00000)
  from space 9728K, 77% used [0x00000000d7780000,0x00000000d7ee35c8,0x00000000d8100000)
  to   space 10752K, 0% used [0x00000000d6d00000,0x00000000d6d00000,0x00000000d7780000)
 ParOldGen       total 23040K, used 14154K [0x0000000081400000, 0x0000000082a80000, 0x00000000d5c00000)
  object space 23040K, 61% used [0x0000000081400000,0x00000000821d2a30,0x0000000082a80000)
 Metaspace       used 17537K, capacity 17816K, committed 17920K, reserved 1064960K
  class space    used 1961K, capacity 2028K, committed 2048K, reserved 1048576K
}
Event: 7.441 GC heap before
{Heap before GC invocations=17 (full 2):
 PSYoungGen      total 27136K, used 24973K [0x00000000d5c00000, 0x00000000d8280000, 0x0000000100000000)
  eden space 17408K, 100% used [0x00000000d5c00000,0x00000000d6d00000,0x00000000d6d00000)
  from space 9728K, 77% used [0x00000000d7780000,0x00000000d7ee35c8,0x00000000d8100000)
  to   space 10752K, 0% used [0x00000000d6d00000,0x00000000d6d00000,0x00000000d7780000)
 ParOldGen       total 23040K, used 14154K [0x0000000081400000, 0x0000000082a80000, 0x00000000d5c00000)
  object space 23040K, 61% used [0x0000000081400000,0x00000000821d2a30,0x0000000082a80000)
 Metaspace       used 17957K, capacity 18244K, committed 18560K, reserved 1064960K
  class space    used 1992K, capacity 2094K, committed 2176K, reserved 1048576K
Event: 7.453 GC heap after
Heap after GC invocations=17 (full 2):
 PSYoungGen      total 28160K, used 7757K [0x00000000d5c00000, 0x00000000d8600000, 0x0000000100000000)
  eden space 17408K, 0% used [0x00000000d5c00000,0x00000000d5c00000,0x00000000d6d00000)
  from space 10752K, 72% used [0x00000000d6d00000,0x00000000d7493618,0x00000000d7780000)
  to   space 11264K, 0% used [0x00000000d7b00000,0x00000000d7b00000,0x00000000d8600000)
 ParOldGen       total 23040K, used 14162K [0x0000000081400000, 0x0000000082a80000, 0x00000000d5c00000)
  object space 23040K, 61% used [0x0000000081400000,0x00000000821d4a30,0x0000000082a80000)
 Metaspace       used 17957K, capacity 18244K, committed 18560K, reserved 1064960K
  class space    used 1992K, capacity 2094K, committed 2176K, reserved 1048576K
}
Event: 7.580 GC heap before
{Heap before GC invocations=18 (full 2):
 PSYoungGen      total 28160K, used 25165K [0x00000000d5c00000, 0x00000000d8600000, 0x0000000100000000)
  eden space 17408K, 100% used [0x00000000d5c00000,0x00000000d6d00000,0x00000000d6d00000)
  from space 10752K, 72% used [0x00000000d6d00000,0x00000000d7493618,0x00000000d7780000)
  to   space 11264K, 0% used [0x00000000d7b00000,0x00000000d7b00000,0x00000000d8600000)
 ParOldGen       total 23040K, used 14162K [0x0000000081400000, 0x0000000082a80000, 0x00000000d5c00000)
  object space 23040K, 61% used [0x0000000081400000,0x00000000821d4a30,0x0000000082a80000)
 Metaspace       used 18001K, capacity 18372K, committed 18560K, reserved 1064960K
  class space    used 1992K, capacity 2094K, committed 2176K, reserved 1048576K
Event: 7.592 GC heap after
Heap after GC invocations=18 (full 2):
 PSYoungGen      total 28672K, used 8226K [0x00000000d5c00000, 0x00000000d8600000, 0x0000000100000000)
  eden space 17408K, 0% used [0x00000000d5c00000,0x00000000d5c00000,0x00000000d6d00000)
  from space 11264K, 73% used [0x00000000d7b00000,0x00000000d8308b40,0x00000000d8600000)
  to   space 10752K, 0% used [0x00000000d6d00000,0x00000000d6d00000,0x00000000d7780000)
 ParOldGen       total 23040K, used 14170K [0x0000000081400000, 0x0000000082a80000, 0x00000000d5c00000)
  object space 23040K, 61% used [0x0000000081400000,0x00000000821d6a30,0x0000000082a80000)
 Metaspace       used 18001K, capacity 18372K, committed 18560K, reserved 1064960K
  class space    used 1992K, capacity 2094K, committed 2176K, reserved 1048576K
}

