# JRE version: Java(TM) SE Runtime Environment (8.0_72-b15) (build 1.8.0_72-b15)
# Java VM: Java HotSpot(TM) 64-Bit Server VM (25.72-b15 mixed mode windows-amd64 compressed oops)
Heap:
 PSYoungGen      total 30720K, used 22366K [0x00000000d5c00000, 0x00000000d8400000, 0x0000000100000000)
  eden space 23552K, 89% used [0x00000000d5c00000,0x00000000d70afbc0,0x00000000d7300000)
  from space 7168K, 16% used [0x00000000d7300000,0x00000000d7428020,0x00000000d7a00000)
  to   space 7168K, 0% used [0x00000000d7d00000,0x00000000d7d00000,0x00000000d8400000)
 ParOldGen       total 33792K, used 22073K [0x0000000081400000, 0x0000000083500000, 0x00000000d5c00000)
  object space 33792K, 65% used [0x0000000081400000,0x000000008298e6a8,0x0000000083500000)
 Metaspace       used 18082K, capacity 18388K, committed 18560K, reserved 1064960K
  class space    used 1991K, capacity 2062K, committed 2176K, reserved 1048576K
GC Heap History (10 events):
Event: 13.254 GC heap before
{Heap before GC invocations=20 (full 3):
 PSYoungGen      total 26112K, used 18432K [0x00000000d5c00000, 0x00000000d7e00000, 0x0000000100000000)
  eden space 18432K, 100% used [0x00000000d5c00000,0x00000000d6e00000,0x00000000d6e00000)
  from space 7680K, 0% used [0x00000000d7680000,0x00000000d7680000,0x00000000d7e00000)
  to   space 8192K, 0% used [0x00000000d6e00000,0x00000000d6e00000,0x00000000d7600000)
 ParOldGen       total 33792K, used 22057K [0x0000000081400000, 0x0000000083500000, 0x00000000d5c00000)
  object space 33792K, 65% used [0x0000000081400000,0x000000008298a6a8,0x0000000083500000)
 Metaspace       used 18007K, capacity 18324K, committed 18560K, reserved 1064960K
  class space    used 1990K, capacity 2062K, committed 2176K, reserved 1048576K
Event: 13.255 GC heap after
Heap after GC invocations=20 (full 3):
 PSYoungGen      total 26624K, used 448K [0x00000000d5c00000, 0x00000000d7f80000, 0x0000000100000000)
  eden space 18432K, 0% used [0x00000000d5c00000,0x00000000d5c00000,0x00000000d6e00000)
  from space 8192K, 5% used [0x00000000d6e00000,0x00000000d6e70000,0x00000000d7600000)
  to   space 8192K, 0% used [0x00000000d7780000,0x00000000d7780000,0x00000000d7f80000)
 ParOldGen       total 33792K, used 22065K [0x0000000081400000, 0x0000000083500000, 0x00000000d5c00000)
  object space 33792K, 65% used [0x0000000081400000,0x000000008298c6a8,0x0000000083500000)
 Metaspace       used 18007K, capacity 18324K, committed 18560K, reserved 1064960K
  class space    used 1990K, capacity 2062K, committed 2176K, reserved 1048576K
}
Event: 13.874 GC heap before
{Heap before GC invocations=21 (full 3):
 PSYoungGen      total 26624K, used 18880K [0x00000000d5c00000, 0x00000000d7f80000, 0x0000000100000000)
  eden space 18432K, 100% used [0x00000000d5c00000,0x00000000d6e00000,0x00000000d6e00000)
  from space 8192K, 5% used [0x00000000d6e00000,0x00000000d6e70000,0x00000000d7600000)
  to   space 8192K, 0% used [0x00000000d7780000,0x00000000d7780000,0x00000000d7f80000)
 ParOldGen       total 33792K, used 22065K [0x0000000081400000, 0x0000000083500000, 0x00000000d5c00000)
  object space 33792K, 65% used [0x0000000081400000,0x000000008298c6a8,0x0000000083500000)
 Metaspace       used 18068K, capacity 18388K, committed 18560K, reserved 1064960K
  class space    used 1991K, capacity 2062K, committed 2176K, reserved 1048576K
Event: 13.987 GC heap after
Heap after GC invocations=21 (full 3):
 PSYoungGen      total 28672K, used 848K [0x00000000d5c00000, 0x00000000d8080000, 0x0000000100000000)
  eden space 20480K, 0% used [0x00000000d5c00000,0x00000000d5c00000,0x00000000d7000000)
  from space 8192K, 10% used [0x00000000d7780000,0x00000000d7854010,0x00000000d7f80000)
  to   space 7680K, 0% used [0x00000000d7000000,0x00000000d7000000,0x00000000d7780000)
 ParOldGen       total 33792K, used 22065K [0x0000000081400000, 0x0000000083500000, 0x00000000d5c00000)
  object space 33792K, 65% used [0x0000000081400000,0x000000008298c6a8,0x0000000083500000)
 Metaspace       used 18068K, capacity 18388K, committed 18560K, reserved 1064960K
  class space    used 1991K, capacity 2062K, committed 2176K, reserved 1048576K
}
Event: 14.368 GC heap before
{Heap before GC invocations=22 (full 3):
 PSYoungGen      total 28672K, used 21328K [0x00000000d5c00000, 0x00000000d8080000, 0x0000000100000000)
  eden space 20480K, 100% used [0x00000000d5c00000,0x00000000d7000000,0x00000000d7000000)
  from space 8192K, 10% used [0x00000000d7780000,0x00000000d7854010,0x00000000d7f80000)
  to   space 7680K, 0% used [0x00000000d7000000,0x00000000d7000000,0x00000000d7780000)
 ParOldGen       total 33792K, used 22065K [0x0000000081400000, 0x0000000083500000, 0x00000000d5c00000)
  object space 33792K, 65% used [0x0000000081400000,0x000000008298c6a8,0x0000000083500000)
 Metaspace       used 18069K, capacity 18388K, committed 18560K, reserved 1064960K
  class space    used 1991K, capacity 2062K, committed 2176K, reserved 1048576K
Event: 14.370 GC heap after
Heap after GC invocations=22 (full 3):
 PSYoungGen      total 28160K, used 800K [0x00000000d5c00000, 0x00000000d8200000, 0x0000000100000000)
  eden space 20480K, 0% used [0x00000000d5c00000,0x00000000d5c00000,0x00000000d7000000)
  from space 7680K, 10% used [0x00000000d7000000,0x00000000d70c8020,0x00000000d7780000)
  to   space 7680K, 0% used [0x00000000d7a80000,0x00000000d7a80000,0x00000000d8200000)
 ParOldGen       total 33792K, used 22073K [0x0000000081400000, 0x0000000083500000, 0x00000000d5c00000)
  object space 33792K, 65% used [0x0000000081400000,0x000000008298e6a8,0x0000000083500000)
 Metaspace       used 18069K, capacity 18388K, committed 18560K, reserved 1064960K
  class space    used 1991K, capacity 2062K, committed 2176K, reserved 1048576K
}
Event: 14.576 GC heap before
{Heap before GC invocations=23 (full 3):
 PSYoungGen      total 28160K, used 21280K [0x00000000d5c00000, 0x00000000d8200000, 0x0000000100000000)
  eden space 20480K, 100% used [0x00000000d5c00000,0x00000000d7000000,0x00000000d7000000)
  from space 7680K, 10% used [0x00000000d7000000,0x00000000d70c8020,0x00000000d7780000)
  to   space 7680K, 0% used [0x00000000d7a80000,0x00000000d7a80000,0x00000000d8200000)
 ParOldGen       total 33792K, used 22073K [0x0000000081400000, 0x0000000083500000, 0x00000000d5c00000)
  object space 33792K, 65% used [0x0000000081400000,0x000000008298e6a8,0x0000000083500000)
 Metaspace       used 18070K, capacity 18388K, committed 18560K, reserved 1064960K
  class space    used 1991K, capacity 2062K, committed 2176K, reserved 1048576K
Event: 14.580 GC heap after
Heap after GC invocations=23 (full 3):
 PSYoungGen      total 30208K, used 1168K [0x00000000d5c00000, 0x00000000d8100000, 0x0000000100000000)
  eden space 23552K, 0% used [0x00000000d5c00000,0x00000000d5c00000,0x00000000d7300000)
  from space 6656K, 17% used [0x00000000d7a80000,0x00000000d7ba4010,0x00000000d8100000)
  to   space 7168K, 0% used [0x00000000d7300000,0x00000000d7300000,0x00000000d7a00000)
 ParOldGen       total 33792K, used 22073K [0x0000000081400000, 0x0000000083500000, 0x00000000d5c00000)
  object space 33792K, 65% used [0x0000000081400000,0x000000008298e6a8,0x0000000083500000)
 Metaspace       used 18070K, capacity 18388K, committed 18560K, reserved 1064960K
  class space    used 1991K, capacity 2062K, committed 2176K, reserved 1048576K
}
Event: 14.753 GC heap before
{Heap before GC invocations=24 (full 3):
 PSYoungGen      total 30208K, used 24720K [0x00000000d5c00000, 0x00000000d8100000, 0x0000000100000000)
  eden space 23552K, 100% used [0x00000000d5c00000,0x00000000d7300000,0x00000000d7300000)
  from space 6656K, 17% used [0x00000000d7a80000,0x00000000d7ba4010,0x00000000d8100000)
  to   space 7168K, 0% used [0x00000000d7300000,0x00000000d7300000,0x00000000d7a00000)
 ParOldGen       total 33792K, used 22073K [0x0000000081400000, 0x0000000083500000, 0x00000000d5c00000)
  object space 33792K, 65% used [0x0000000081400000,0x000000008298e6a8,0x0000000083500000)
 Metaspace       used 18071K, capacity 18388K, committed 18560K, reserved 1064960K
  class space    used 1991K, capacity 2062K, committed 2176K, reserved 1048576K
Event: 14.756 GC heap after
Heap after GC invocations=24 (full 3):
 PSYoungGen      total 30720K, used 1184K [0x00000000d5c00000, 0x00000000d8400000, 0x0000000100000000)
  eden space 23552K, 0% used [0x00000000d5c00000,0x00000000d5c00000,0x00000000d7300000)
  from space 7168K, 16% used [0x00000000d7300000,0x00000000d7428020,0x00000000d7a00000)
  to   space 7168K, 0% used [0x00000000d7d00000,0x00000000d7d00000,0x00000000d8400000)
 ParOldGen       total 33792K, used 22073K [0x0000000081400000, 0x0000000083500000, 0x00000000d5c00000)
  object space 33792K, 65% used [0x0000000081400000,0x000000008298e6a8,0x0000000083500000)
 Metaspace       used 18071K, capacity 18388K, committed 18560K, reserved 1064960K
  class space    used 1991K, capacity 2062K, committed 2176K, reserved 1048576K
}

