# JRE version: Java(TM) SE Runtime Environment (8.0_72-b15) (build 1.8.0_72-b15)
# Java VM: Java HotSpot(TM) 64-Bit Server VM (25.72-b15 mixed mode windows-amd64 compressed oops)
Heap:
 PSYoungGen      total 17920K, used 10187K [0x00000000d5c00000, 0x00000000d7680000, 0x0000000100000000)
  eden space 13312K, 42% used [0x00000000d5c00000,0x00000000d6178f38,0x00000000d6900000)
  from space 4608K, 99% used [0x00000000d6900000,0x00000000d6d7a018,0x00000000d6d80000)
  to   space 6144K, 0% used [0x00000000d7080000,0x00000000d7080000,0x00000000d7680000)
 ParOldGen       total 14336K, used 11837K [0x0000000081400000, 0x0000000082200000, 0x00000000d5c00000)
  object space 14336K, 82% used [0x0000000081400000,0x0000000081f8f6c0,0x0000000082200000)
 Metaspace       used 9207K, capacity 9344K, committed 9600K, reserved 1058816K
  class space    used 1045K, capacity 1076K, committed 1152K, reserved 1048576K
GC Heap History (10 events):
Event: 1.408 GC heap before
{Heap before GC invocations=10 (full 0):
 PSYoungGen      total 7168K, used 6217K [0x00000000d5c00000, 0x00000000d6a00000, 0x0000000100000000)
  eden space 5632K, 83% used [0x00000000d5c00000,0x00000000d6096080,0x00000000d6180000)
  from space 1536K, 99% used [0x00000000d6180000,0x00000000d62fc410,0x00000000d6300000)
  to   space 2560K, 0% used [0x00000000d6780000,0x00000000d6780000,0x00000000d6a00000)
 ParOldGen       total 5632K, used 3087K [0x0000000081400000, 0x0000000081980000, 0x00000000d5c00000)
  object space 5632K, 54% used [0x0000000081400000,0x0000000081703e80,0x0000000081980000)
 Metaspace       used 8382K, capacity 8672K, committed 8832K, reserved 1056768K
  class space    used 992K, capacity 1044K, committed 1152K, reserved 1048576K
Event: 1.412 GC heap after
Heap after GC invocations=10 (full 0):
 PSYoungGen      total 11776K, used 2248K [0x00000000d5c00000, 0x00000000d6a00000, 0x0000000100000000)
  eden space 9216K, 0% used [0x00000000d5c00000,0x00000000d5c00000,0x00000000d6500000)
  from space 2560K, 87% used [0x00000000d6780000,0x00000000d69b2110,0x00000000d6a00000)
  to   space 2560K, 0% used [0x00000000d6500000,0x00000000d6500000,0x00000000d6780000)
 ParOldGen       total 5632K, used 3911K [0x0000000081400000, 0x0000000081980000, 0x00000000d5c00000)
  object space 5632K, 69% used [0x0000000081400000,0x00000000817d1c78,0x0000000081980000)
 Metaspace       used 8382K, capacity 8672K, committed 8832K, reserved 1056768K
  class space    used 992K, capacity 1044K, committed 1152K, reserved 1048576K
}
Event: 1.513 GC heap before
{Heap before GC invocations=11 (full 0):
 PSYoungGen      total 11776K, used 11464K [0x00000000d5c00000, 0x00000000d6a00000, 0x0000000100000000)
  eden space 9216K, 100% used [0x00000000d5c00000,0x00000000d6500000,0x00000000d6500000)
  from space 2560K, 87% used [0x00000000d6780000,0x00000000d69b2110,0x00000000d6a00000)
  to   space 2560K, 0% used [0x00000000d6500000,0x00000000d6500000,0x00000000d6780000)
 ParOldGen       total 5632K, used 3911K [0x0000000081400000, 0x0000000081980000, 0x00000000d5c00000)
  object space 5632K, 69% used [0x0000000081400000,0x00000000817d1c78,0x0000000081980000)
 Metaspace       used 8404K, capacity 8736K, committed 9088K, reserved 1056768K
  class space    used 993K, capacity 1044K, committed 1152K, reserved 1048576K
Event: 1.522 GC heap after
Heap after GC invocations=11 (full 0):
 PSYoungGen      total 11776K, used 2538K [0x00000000d5c00000, 0x00000000d7380000, 0x0000000100000000)
  eden space 9216K, 0% used [0x00000000d5c00000,0x00000000d5c00000,0x00000000d6500000)
  from space 2560K, 99% used [0x00000000d6500000,0x00000000d677a860,0x00000000d6780000)
  to   space 4608K, 0% used [0x00000000d6f00000,0x00000000d6f00000,0x00000000d7380000)
 ParOldGen       total 9216K, used 8447K [0x0000000081400000, 0x0000000081d00000, 0x00000000d5c00000)
  object space 9216K, 91% used [0x0000000081400000,0x0000000081c3fd28,0x0000000081d00000)
 Metaspace       used 8404K, capacity 8736K, committed 9088K, reserved 1056768K
  class space    used 993K, capacity 1044K, committed 1152K, reserved 1048576K
}
Event: 1.522 GC heap before
{Heap before GC invocations=12 (full 1):
 PSYoungGen      total 11776K, used 2538K [0x00000000d5c00000, 0x00000000d7380000, 0x0000000100000000)
  eden space 9216K, 0% used [0x00000000d5c00000,0x00000000d5c00000,0x00000000d6500000)
  from space 2560K, 99% used [0x00000000d6500000,0x00000000d677a860,0x00000000d6780000)
  to   space 4608K, 0% used [0x00000000d6f00000,0x00000000d6f00000,0x00000000d7380000)
 ParOldGen       total 9216K, used 8447K [0x0000000081400000, 0x0000000081d00000, 0x00000000d5c00000)
  object space 9216K, 91% used [0x0000000081400000,0x0000000081c3fd28,0x0000000081d00000)
 Metaspace       used 8404K, capacity 8736K, committed 9088K, reserved 1056768K
  class space    used 993K, capacity 1044K, committed 1152K, reserved 1048576K
Event: 1.601 GC heap after
Heap after GC invocations=12 (full 1):
 PSYoungGen      total 11776K, used 1512K [0x00000000d5c00000, 0x00000000d7380000, 0x0000000100000000)
  eden space 9216K, 0% used [0x00000000d5c00000,0x00000000d5c00000,0x00000000d6500000)
  from space 2560K, 59% used [0x00000000d6500000,0x00000000d667a110,0x00000000d6780000)
  to   space 4608K, 0% used [0x00000000d6f00000,0x00000000d6f00000,0x00000000d7380000)
 ParOldGen       total 14336K, used 9205K [0x0000000081400000, 0x0000000082200000, 0x00000000d5c00000)
  object space 14336K, 64% used [0x0000000081400000,0x0000000081cfd4e8,0x0000000082200000)
 Metaspace       used 8404K, capacity 8736K, committed 9088K, reserved 1056768K
  class space    used 993K, capacity 1044K, committed 1152K, reserved 1048576K
}
Event: 1.709 GC heap before
{Heap before GC invocations=13 (full 1):
 PSYoungGen      total 11776K, used 10728K [0x00000000d5c00000, 0x00000000d7380000, 0x0000000100000000)
  eden space 9216K, 100% used [0x00000000d5c00000,0x00000000d6500000,0x00000000d6500000)
  from space 2560K, 59% used [0x00000000d6500000,0x00000000d667a110,0x00000000d6780000)
  to   space 4608K, 0% used [0x00000000d6f00000,0x00000000d6f00000,0x00000000d7380000)
 ParOldGen       total 14336K, used 9205K [0x0000000081400000, 0x0000000082200000, 0x00000000d5c00000)
  object space 14336K, 64% used [0x0000000081400000,0x0000000081cfd4e8,0x0000000082200000)
 Metaspace       used 8642K, capacity 8928K, committed 9088K, reserved 1056768K
  class space    used 1009K, capacity 1044K, committed 1152K, reserved 1048576K
Event: 1.717 GC heap after
Heap after GC invocations=13 (full 1):
 PSYoungGen      total 14848K, used 2692K [0x00000000d5c00000, 0x00000000d7200000, 0x0000000100000000)
  eden space 11776K, 0% used [0x00000000d5c00000,0x00000000d5c00000,0x00000000d6780000)
  from space 3072K, 87% used [0x00000000d6f00000,0x00000000d71a10e8,0x00000000d7200000)
  to   space 4608K, 0% used [0x00000000d6900000,0x00000000d6900000,0x00000000d6d80000)
 ParOldGen       total 14336K, used 10747K [0x0000000081400000, 0x0000000082200000, 0x00000000d5c00000)
  object space 14336K, 74% used [0x0000000081400000,0x0000000081e7ec88,0x0000000082200000)
 Metaspace       used 8642K, capacity 8928K, committed 9088K, reserved 1056768K
  class space    used 1009K, capacity 1044K, committed 1152K, reserved 1048576K
}
Event: 2.053 GC heap before
{Heap before GC invocations=14 (full 1):
 PSYoungGen      total 14848K, used 14468K [0x00000000d5c00000, 0x00000000d7200000, 0x0000000100000000)
  eden space 11776K, 100% used [0x00000000d5c00000,0x00000000d6780000,0x00000000d6780000)
  from space 3072K, 87% used [0x00000000d6f00000,0x00000000d71a10e8,0x00000000d7200000)
  to   space 4608K, 0% used [0x00000000d6900000,0x00000000d6900000,0x00000000d6d80000)
 ParOldGen       total 14336K, used 10747K [0x0000000081400000, 0x0000000082200000, 0x00000000d5c00000)
  object space 14336K, 74% used [0x0000000081400000,0x0000000081e7ec88,0x0000000082200000)
 Metaspace       used 9144K, capacity 9280K, committed 9600K, reserved 1058816K
  class space    used 1042K, capacity 1076K, committed 1152K, reserved 1048576K
Event: 2.062 GC heap after
Heap after GC invocations=14 (full 1):
 PSYoungGen      total 17920K, used 4584K [0x00000000d5c00000, 0x00000000d7680000, 0x0000000100000000)
  eden space 13312K, 0% used [0x00000000d5c00000,0x00000000d5c00000,0x00000000d6900000)
  from space 4608K, 99% used [0x00000000d6900000,0x00000000d6d7a018,0x00000000d6d80000)
  to   space 6144K, 0% used [0x00000000d7080000,0x00000000d7080000,0x00000000d7680000)
 ParOldGen       total 14336K, used 11837K [0x0000000081400000, 0x0000000082200000, 0x00000000d5c00000)
  object space 14336K, 82% used [0x0000000081400000,0x0000000081f8f6c0,0x0000000082200000)
 Metaspace       used 9144K, capacity 9280K, committed 9600K, reserved 1058816K
  class space    used 1042K, capacity 1076K, committed 1152K, reserved 1048576K
}

