# JRE version: OpenJDK Runtime Environment (8.0_76-b03) (build 1.8.0_76-release-b03)
# Java VM: OpenJDK 64-Bit Server VM (25.76-b03 mixed mode windows-amd64 compressed oops)
Heap:
 PSYoungGen      total 38400K, used 30903K [0x00000000eab00000, 0x00000000ed580000, 0x0000000100000000)
  eden space 33280K, 92% used [0x00000000eab00000,0x00000000ec92def8,0x00000000ecb80000)
  from space 5120K, 0% used [0x00000000ecb80000,0x00000000ecb80000,0x00000000ed080000)
  to   space 5120K, 0% used [0x00000000ed080000,0x00000000ed080000,0x00000000ed580000)
 ParOldGen       total 61440K, used 1497K [0x00000000c0000000, 0x00000000c3c00000, 0x00000000eab00000)
  object space 61440K, 2% used [0x00000000c0000000,0x00000000c01766b0,0x00000000c3c00000)
 Metaspace       used 5780K, capacity 7024K, committed 7296K, reserved 1060864K
  class space    used 558K, capacity 616K, committed 640K, reserved 1048576K
GC Heap History (10 events):
Event: 0.386 GC heap before
{Heap before GC invocations=2 (full 1):
 PSYoungGen      total 38400K, used 2102K [0x00000000eab00000, 0x00000000ed580000, 0x0000000100000000)
  eden space 33280K, 0% used [0x00000000eab00000,0x00000000eab00000,0x00000000ecb80000)
  from space 5120K, 41% used [0x00000000ecb80000,0x00000000ecd8d960,0x00000000ed080000)
  to   space 5120K, 0% used [0x00000000ed080000,0x00000000ed080000,0x00000000ed580000)
 ParOldGen       total 87552K, used 8K [0x00000000c0000000, 0x00000000c5580000, 0x00000000eab00000)
  object space 87552K, 0% used [0x00000000c0000000,0x00000000c0002000,0x00000000c5580000)
 Metaspace       used 4205K, capacity 5584K, committed 5760K, reserved 1060864K
  class space    used 453K, capacity 520K, committed 640K, reserved 1048576K
Event: 0.397 GC heap after
Heap after GC invocations=2 (full 1):
 PSYoungGen      total 38400K, used 0K [0x00000000eab00000, 0x00000000ed580000, 0x0000000100000000)
  eden space 33280K, 0% used [0x00000000eab00000,0x00000000eab00000,0x00000000ecb80000)
  from space 5120K, 0% used [0x00000000ecb80000,0x00000000ecb80000,0x00000000ed080000)
  to   space 5120K, 0% used [0x00000000ed080000,0x00000000ed080000,0x00000000ed580000)
 ParOldGen       total 61440K, used 1841K [0x00000000c0000000, 0x00000000c3c00000, 0x00000000eab00000)
  object space 61440K, 2% used [0x00000000c0000000,0x00000000c01cc610,0x00000000c3c00000)
 Metaspace       used 4205K, capacity 5584K, committed 5760K, reserved 1058816K
  class space    used 453K, capacity 520K, committed 640K, reserved 1048576K
}
Event: 0.452 GC heap before
{Heap before GC invocations=3 (full 1):
 PSYoungGen      total 38400K, used 5342K [0x00000000eab00000, 0x00000000ed580000, 0x0000000100000000)
  eden space 33280K, 16% used [0x00000000eab00000,0x00000000eb037890,0x00000000ecb80000)
  from space 5120K, 0% used [0x00000000ecb80000,0x00000000ecb80000,0x00000000ed080000)
  to   space 5120K, 0% used [0x00000000ed080000,0x00000000ed080000,0x00000000ed580000)
 ParOldGen       total 61440K, used 1841K [0x00000000c0000000, 0x00000000c3c00000, 0x00000000eab00000)
  object space 61440K, 2% used [0x00000000c0000000,0x00000000c01cc610,0x00000000c3c00000)
 Metaspace       used 4883K, capacity 6160K, committed 6272K, reserved 1062912K
  class space    used 524K, capacity 584K, committed 640K, reserved 1048576K
Event: 0.456 GC heap after
Heap after GC invocations=3 (full 1):
 PSYoungGen      total 38400K, used 676K [0x00000000eab00000, 0x00000000ed580000, 0x0000000100000000)
  eden space 33280K, 0% used [0x00000000eab00000,0x00000000eab00000,0x00000000ecb80000)
  from space 5120K, 13% used [0x00000000ed080000,0x00000000ed129020,0x00000000ed580000)
  to   space 5120K, 0% used [0x00000000ecb80000,0x00000000ecb80000,0x00000000ed080000)
 ParOldGen       total 61440K, used 1849K [0x00000000c0000000, 0x00000000c3c00000, 0x00000000eab00000)
  object space 61440K, 3% used [0x00000000c0000000,0x00000000c01ce610,0x00000000c3c00000)
 Metaspace       used 4883K, capacity 6160K, committed 6272K, reserved 1062912K
  class space    used 524K, capacity 584K, committed 640K, reserved 1048576K
}
Event: 0.456 GC heap before
{Heap before GC invocations=4 (full 2):
 PSYoungGen      total 38400K, used 676K [0x00000000eab00000, 0x00000000ed580000, 0x0000000100000000)
  eden space 33280K, 0% used [0x00000000eab00000,0x00000000eab00000,0x00000000ecb80000)
  from space 5120K, 13% used [0x00000000ed080000,0x00000000ed129020,0x00000000ed580000)
  to   space 5120K, 0% used [0x00000000ecb80000,0x00000000ecb80000,0x00000000ed080000)
 ParOldGen       total 61440K, used 1849K [0x00000000c0000000, 0x00000000c3c00000, 0x00000000eab00000)
  object space 61440K, 3% used [0x00000000c0000000,0x00000000c01ce610,0x00000000c3c00000)
 Metaspace       used 4883K, capacity 6160K, committed 6272K, reserved 1062912K
  class space    used 524K, capacity 584K, committed 640K, reserved 1048576K
Event: 0.463 GC heap after
Heap after GC invocations=4 (full 2):
 PSYoungGen      total 38400K, used 0K [0x00000000eab00000, 0x00000000ed580000, 0x0000000100000000)
  eden space 33280K, 0% used [0x00000000eab00000,0x00000000eab00000,0x00000000ecb80000)
  from space 5120K, 0% used [0x00000000ed080000,0x00000000ed080000,0x00000000ed580000)
  to   space 5120K, 0% used [0x00000000ecb80000,0x00000000ecb80000,0x00000000ed080000)
 ParOldGen       total 61440K, used 1591K [0x00000000c0000000, 0x00000000c3c00000, 0x00000000eab00000)
  object space 61440K, 2% used [0x00000000c0000000,0x00000000c018de58,0x00000000c3c00000)
 Metaspace       used 4883K, capacity 6160K, committed 6272K, reserved 1060864K
  class space    used 524K, capacity 584K, committed 640K, reserved 1048576K
}
Event: 0.463 GC heap before
{Heap before GC invocations=5 (full 2):
 PSYoungGen      total 38400K, used 0K [0x00000000eab00000, 0x00000000ed580000, 0x0000000100000000)
  eden space 33280K, 0% used [0x00000000eab00000,0x00000000eab00000,0x00000000ecb80000)
  from space 5120K, 0% used [0x00000000ed080000,0x00000000ed080000,0x00000000ed580000)
  to   space 5120K, 0% used [0x00000000ecb80000,0x00000000ecb80000,0x00000000ed080000)
 ParOldGen       total 61440K, used 1591K [0x00000000c0000000, 0x00000000c3c00000, 0x00000000eab00000)
  object space 61440K, 2% used [0x00000000c0000000,0x00000000c018de58,0x00000000c3c00000)
 Metaspace       used 4883K, capacity 6160K, committed 6272K, reserved 1064960K
  class space    used 524K, capacity 584K, committed 640K, reserved 1048576K
Event: 0.464 GC heap after
Heap after GC invocations=5 (full 2):
 PSYoungGen      total 38400K, used 0K [0x00000000eab00000, 0x00000000ed580000, 0x0000000100000000)
  eden space 33280K, 0% used [0x00000000eab00000,0x00000000eab00000,0x00000000ecb80000)
  from space 5120K, 0% used [0x00000000ecb80000,0x00000000ecb80000,0x00000000ed080000)
  to   space 5120K, 0% used [0x00000000ed080000,0x00000000ed080000,0x00000000ed580000)
 ParOldGen       total 61440K, used 1591K [0x00000000c0000000, 0x00000000c3c00000, 0x00000000eab00000)
  object space 61440K, 2% used [0x00000000c0000000,0x00000000c018de58,0x00000000c3c00000)
 Metaspace       used 4883K, capacity 6160K, committed 6272K, reserved 1064960K
  class space    used 524K, capacity 584K, committed 640K, reserved 1048576K
}
Event: 0.464 GC heap before
{Heap before GC invocations=6 (full 3):
 PSYoungGen      total 38400K, used 0K [0x00000000eab00000, 0x00000000ed580000, 0x0000000100000000)
  eden space 33280K, 0% used [0x00000000eab00000,0x00000000eab00000,0x00000000ecb80000)
  from space 5120K, 0% used [0x00000000ecb80000,0x00000000ecb80000,0x00000000ed080000)
  to   space 5120K, 0% used [0x00000000ed080000,0x00000000ed080000,0x00000000ed580000)
 ParOldGen       total 61440K, used 1591K [0x00000000c0000000, 0x00000000c3c00000, 0x00000000eab00000)
  object space 61440K, 2% used [0x00000000c0000000,0x00000000c018de58,0x00000000c3c00000)
 Metaspace       used 4883K, capacity 6160K, committed 6272K, reserved 1064960K
  class space    used 524K, capacity 584K, committed 640K, reserved 1048576K
Event: 0.479 GC heap after
Heap after GC invocations=6 (full 3):
 PSYoungGen      total 38400K, used 0K [0x00000000eab00000, 0x00000000ed580000, 0x0000000100000000)
  eden space 33280K, 0% used [0x00000000eab00000,0x00000000eab00000,0x00000000ecb80000)
  from space 5120K, 0% used [0x00000000ecb80000,0x00000000ecb80000,0x00000000ed080000)
  to   space 5120K, 0% used [0x00000000ed080000,0x00000000ed080000,0x00000000ed580000)
 ParOldGen       total 61440K, used 1497K [0x00000000c0000000, 0x00000000c3c00000, 0x00000000eab00000)
  object space 61440K, 2% used [0x00000000c0000000,0x00000000c01766b0,0x00000000c3c00000)
 Metaspace       used 4883K, capacity 6160K, committed 6272K, reserved 1060864K
  class space    used 524K, capacity 584K, committed 640K, reserved 1048576K
}

